This is pdfTeX, Version 3.14159265-2.6-1.40.18 (TeX Live 2017/Debian) (preloaded format=pdfcsplain 2018.10.14)  3 MAR 2019 22:21
entering extended mode
 restricted \write18 enabled.
 %&-line parsing enabled.
 encTeX v. Jun. 2004, reencoding enabled
**doc.tex
(./doc.tex The format: csplain <Apr. 2016>.
The cs-fonts are preloaded and A4 size implicitly defined.
The utf8->iso8859-2 re-encoding of Czech+Slovak alphabet activated by encTeX
(/home/petr/.texLib/TeXMakro.tex
(/usr/share/texlive/texmf-dist/tex/plain/amsfonts/amssym.tex
(/usr/share/texlive/texmf-dist/tex/plain/amsfonts/amssym.def
\msafam=\fam8
\msbfam=\fam9
\eufmfam=\fam10
))
\strana=\count28
\testin=\read0
\lang=\count29
\czLang=\count30
\enLang=\count31
)
(/home/petr/.texLib/pageDimension.tex
\SirkaStranky=\count32
\VyskaStranky=\count33
\NulovyBodH=\count34
\NulovyBodV=\count35
\OkrajH=\count36
\OkrajV=\count37
\SirkaOdstavce=\count38
\VyskaOdstavce=\count39
) (/home/petr/.texLib/formating.tex
\IndexNadpis=\count40
\IndexSekce=\count41
\IndexPodSekce=\count42
)
(/home/petr/.texLib/content.tex
\tocfile=\write0
) (/home/petr/.texLib/lists.tex)
(/home/petr/.texLib/FormatA4.tex (/home/petr/.texLib/wordBreak.tex))
(./Obsah.tex) [1{/var/lib/texmf/fonts/map/pdftex/updmap/pdftex.map}]
\openout0 = `Obsah.tex'.


(./slovnik.tex) (./definicePozadavku.tex [1] [2 <./Obrazky/pokladni_system_use_
case.png>]) (./architektura.tex [3]) (./dokumentace.tex [4]) (./todo.tex
[5] [6]) (./rizika.tex [7]) [8] )</usr/share/texlive/texmf-dist/fonts/type1/pub
lic/amsfonts/cm/cmsy10.pfb></usr/share/texlive/texmf-dist/fonts/type1/public/cs
/csbx10.pfb></usr/share/texlive/texmf-dist/fonts/type1/public/cs/csbx12.pfb></u
sr/share/texlive/texmf-dist/fonts/type1/public/cs/csr10.pfb>
Output written on doc.pdf (9 pages, 56890 bytes).
PDF statistics:
 51 PDF objects out of 1000 (max. 8388607)
 34 compressed objects within 1 object stream
 0 named destinations out of 1000 (max. 500000)
 6 words of extra memory for PDF output out of 10000 (max. 10000000)

