02.10.19 - 08:44:06 # Inicializace jádra...
02.10.19 - 08:44:06 # Zjišťování mnoství položek skladu
02.10.19 - 08:44:06 # Zjišťování mnoství položek skladu
02.10.19 - 08:44:06 # Dotazování na jméno položky s ID: 1
02.10.19 - 08:44:06 # Dotazování na skladové množství položky s ID: 1
02.10.19 - 08:44:06 # Zjišťování mnoství položek skladu
02.10.19 - 08:44:06 # Zjišťování mnoství položek skladu
02.10.19 - 08:44:06 # Zjišťování mnoství položek skladu
02.10.19 - 08:44:06 # Zjišťování mnoství položek skladu
02.10.19 - 08:44:06 # Zjišťování mnoství položek skladu
02.10.19 - 08:44:06 # Zjišťování mnoství položek skladu
02.10.19 - 08:44:06 # Zjišťování mnoství položek skladu
02.10.19 - 08:44:06 # Zjišťování mnoství položek skladu
02.10.19 - 08:44:06 # Zjišťování mnoství položek skladu
02.10.19 - 08:44:06 # Zjišťování mnoství položek skladu
02.10.19 - 08:44:06 # Zjišťování mnoství položek skladu
02.10.19 - 08:44:06 # Zjišťování mnoství položek skladu
02.10.19 - 08:44:06 # Zjišťování mnoství položek skladu
02.10.19 - 08:44:06 # Zjišťování mnoství položek skladu
02.10.19 - 08:44:07 # Dotazování celkové ceny obejednávky s daní
02.10.19 - 08:44:08 # Dotazování celkové ceny obejednávky s daní
