03.10.19 - 10:35:36 # Inicializace jádra...
03.10.19 - 10:35:36 # Vlákno pro sledování připojení k serverovému počítači vytvořeno.
03.10.19 - 10:35:37 # Zjišťování mnoství položek skladu
03.10.19 - 10:35:37 # Dotazování na jméno položky s ID: 1
03.10.19 - 10:35:37 # Dotazování na skladové množství položky s ID: 1
03.10.19 - 10:35:38 # Dotazování celkové ceny obejednávky s daní
03.10.19 - 10:35:39 # Dotazování celkové ceny obejednávky s daní
03.10.19 - 10:35:40 # Dotazování celkové ceny obejednávky s daní
03.10.19 - 10:35:41 # Dotazování celkové ceny obejednávky s daní
03.10.19 - 10:35:42 # Dotazování celkové ceny obejednávky s daní
03.10.19 - 10:35:43 # Dotazování celkové ceny obejednávky s daní
03.10.19 - 10:35:44 # Dotazování celkové ceny obejednávky s daní
03.10.19 - 10:35:45 # Dotazování celkové ceny obejednávky s daní
03.10.19 - 10:35:46 # Dotazování celkové ceny obejednávky s daní
03.10.19 - 10:35:47 # Dotazování celkové ceny obejednávky s daní
03.10.19 - 10:35:48 # Dotazování celkové ceny obejednávky s daní
03.10.19 - 10:35:49 # Dotazování celkové ceny obejednávky s daní
03.10.19 - 10:35:50 # Dotazování celkové ceny obejednávky s daní
03.10.19 - 10:35:51 # Dotazování celkové ceny obejednávky s daní
03.10.19 - 10:35:52 # Dotazování celkové ceny obejednávky s daní
03.10.19 - 10:35:53 # Dotazování celkové ceny obejednávky s daní
03.10.19 - 10:35:54 # Dotazování celkové ceny obejednávky s daní
03.10.19 - 10:35:55 # Dotazování celkové ceny obejednávky s daní
03.10.19 - 10:35:56 # Dotazování celkové ceny obejednávky s daní
03.10.19 - 10:35:57 # Dotazování celkové ceny obejednávky s daní
03.10.19 - 10:35:58 # Dotazování celkové ceny obejednávky s daní
03.10.19 - 10:35:59 # Dotazování celkové ceny obejednávky s daní
03.10.19 - 10:36:00 # Dotazování celkové ceny obejednávky s daní
03.10.19 - 10:36:01 # Dotazování celkové ceny obejednávky s daní
03.10.19 - 10:36:02 # Dotazování celkové ceny obejednávky s daní
03.10.19 - 10:36:03 # Dotazování celkové ceny obejednávky s daní
03.10.19 - 10:36:04 # Dotazování celkové ceny obejednávky s daní
03.10.19 - 10:36:05 # Dotazování celkové ceny obejednávky s daní
03.10.19 - 10:36:06 # Dotazování celkové ceny obejednávky s daní
03.10.19 - 10:36:07 # Dotazování celkové ceny obejednávky s daní
03.10.19 - 10:36:08 # Dotazování celkové ceny obejednávky s daní
03.10.19 - 10:36:09 # Dotazování celkové ceny obejednávky s daní
03.10.19 - 10:36:10 # Dotazování celkové ceny obejednávky s daní
03.10.19 - 10:36:11 # Dotazování celkové ceny obejednávky s daní
03.10.19 - 10:36:12 # Dotazování celkové ceny obejednávky s daní
03.10.19 - 10:36:13 # Dotazování celkové ceny obejednávky s daní
03.10.19 - 10:36:14 # Dotazování celkové ceny obejednávky s daní
03.10.19 - 10:36:15 # Dotazování celkové ceny obejednávky s daní
03.10.19 - 10:36:16 # Dotazování celkové ceny obejednávky s daní
03.10.19 - 10:36:17 # Dotazování celkové ceny obejednávky s daní
03.10.19 - 10:36:18 # Dotazování celkové ceny obejednávky s daní
03.10.19 - 10:36:19 # Dotazování celkové ceny obejednávky s daní
03.10.19 - 10:36:20 # Dotazování celkové ceny obejednávky s daní
03.10.19 - 10:36:21 # Dotazování celkové ceny obejednávky s daní
03.10.19 - 10:36:22 # Dotazování celkové ceny obejednávky s daní
03.10.19 - 10:36:23 # Dotazování celkové ceny obejednávky s daní
03.10.19 - 10:36:24 # Dotazování celkové ceny obejednávky s daní
03.10.19 - 10:36:25 # Dotazování celkové ceny obejednávky s daní
03.10.19 - 10:36:26 # Dotazování celkové ceny obejednávky s daní
03.10.19 - 10:36:27 # Dotazování celkové ceny obejednávky s daní
03.10.19 - 10:36:28 # Dotazování celkové ceny obejednávky s daní
03.10.19 - 10:36:29 # Dotazování celkové ceny obejednávky s daní
03.10.19 - 10:36:30 # Dotazování celkové ceny obejednávky s daní
03.10.19 - 10:36:31 # Dotazování celkové ceny obejednávky s daní
03.10.19 - 10:36:32 # Dotazování celkové ceny obejednávky s daní
03.10.19 - 10:36:33 # Dotazování celkové ceny obejednávky s daní
03.10.19 - 10:36:34 # Dotazování celkové ceny obejednávky s daní
03.10.19 - 10:36:35 # Dotazování celkové ceny obejednávky s daní
03.10.19 - 10:36:36 # Dotazování celkové ceny obejednávky s daní
03.10.19 - 10:36:37 # Dotazování celkové ceny obejednávky s daní
03.10.19 - 10:36:38 # Dotazování celkové ceny obejednávky s daní
03.10.19 - 10:36:39 # Dotazování celkové ceny obejednávky s daní
03.10.19 - 10:36:40 # Dotazování celkové ceny obejednávky s daní
03.10.19 - 10:36:41 # Dotazování celkové ceny obejednávky s daní
03.10.19 - 10:36:42 # Dotazování celkové ceny obejednávky s daní
03.10.19 - 10:36:43 # Dotazování celkové ceny obejednávky s daní
03.10.19 - 10:36:44 # Dotazování celkové ceny obejednávky s daní
03.10.19 - 10:36:45 # Dotazování celkové ceny obejednávky s daní
03.10.19 - 10:36:46 # Dotazování celkové ceny obejednávky s daní
03.10.19 - 10:36:47 # Dotazování celkové ceny obejednávky s daní
03.10.19 - 10:36:48 # Dotazování celkové ceny obejednávky s daní
03.10.19 - 10:36:49 # Dotazování celkové ceny obejednávky s daní
03.10.19 - 10:36:50 # Dotazování celkové ceny obejednávky s daní
03.10.19 - 10:36:51 # Dotazování celkové ceny obejednávky s daní
03.10.19 - 10:36:52 # Dotazování celkové ceny obejednávky s daní
03.10.19 - 10:36:53 # Dotazování celkové ceny obejednávky s daní
03.10.19 - 10:36:54 # Dotazování celkové ceny obejednávky s daní
03.10.19 - 10:36:55 # Dotazování celkové ceny obejednávky s daní
03.10.19 - 10:36:56 # Dotazování celkové ceny obejednávky s daní
03.10.19 - 10:36:57 # Dotazování celkové ceny obejednávky s daní
03.10.19 - 10:36:58 # Dotazování celkové ceny obejednávky s daní
03.10.19 - 10:36:59 # Dotazování celkové ceny obejednávky s daní
03.10.19 - 10:36:59 # Destrukce objektu controler
