03.10.19 - 10:09:45 # Inicializace jádra...
03.10.19 - 10:09:45 # Vlákno pro sledování připojení k serverovému počítači vytvořeno.
03.10.19 - 10:09:46 # Zjišťování mnoství položek skladu
03.10.19 - 10:09:46 # Dotazování na jméno položky s ID: 1
03.10.19 - 10:09:46 # Dotazování na skladové množství položky s ID: 1
03.10.19 - 10:09:47 # Dotazování celkové ceny obejednávky s daní
03.10.19 - 10:09:48 # Dotazování celkové ceny obejednávky s daní
03.10.19 - 10:09:49 # Dotazování celkové ceny obejednávky s daní
03.10.19 - 10:09:50 # Dotazování celkové ceny obejednávky s daní
03.10.19 - 10:09:51 # Dotazování celkové ceny obejednávky s daní
03.10.19 - 10:09:52 # Dotazování celkové ceny obejednávky s daní
03.10.19 - 10:09:53 # Dotazování celkové ceny obejednávky s daní
03.10.19 - 10:09:54 # Dotazování celkové ceny obejednávky s daní
03.10.19 - 10:09:55 # Dotazování celkové ceny obejednávky s daní
03.10.19 - 10:09:56 # Dotazování celkové ceny obejednávky s daní
03.10.19 - 10:09:57 # Dotazování celkové ceny obejednávky s daní
03.10.19 - 10:09:58 # Dotazování celkové ceny obejednávky s daní
03.10.19 - 10:09:59 # Dotazování celkové ceny obejednávky s daní
03.10.19 - 10:10:00 # Dotazování celkové ceny obejednávky s daní
03.10.19 - 10:10:01 # Dotazování celkové ceny obejednávky s daní
03.10.19 - 10:10:02 # Dotazování celkové ceny obejednávky s daní
03.10.19 - 10:10:03 # Dotazování celkové ceny obejednávky s daní
03.10.19 - 10:10:04 # Dotazování celkové ceny obejednávky s daní
03.10.19 - 10:10:05 # Dotazování celkové ceny obejednávky s daní
03.10.19 - 10:10:06 # Dotazování celkové ceny obejednávky s daní
03.10.19 - 10:10:07 # Dotazování celkové ceny obejednávky s daní
03.10.19 - 10:10:08 # Dotazování celkové ceny obejednávky s daní
03.10.19 - 10:10:09 # Dotazování celkové ceny obejednávky s daní
03.10.19 - 10:10:10 # Dotazování celkové ceny obejednávky s daní
03.10.19 - 10:10:11 # Dotazování celkové ceny obejednávky s daní
03.10.19 - 10:10:12 # Dotazování celkové ceny obejednávky s daní
03.10.19 - 10:10:13 # Dotazování celkové ceny obejednávky s daní
03.10.19 - 10:10:14 # Dotazování celkové ceny obejednávky s daní
03.10.19 - 10:10:15 # Dotazování celkové ceny obejednávky s daní
03.10.19 - 10:10:16 # Dotazování celkové ceny obejednávky s daní
03.10.19 - 10:10:17 # Dotazování celkové ceny obejednávky s daní
03.10.19 - 10:10:18 # Dotazování celkové ceny obejednávky s daní
03.10.19 - 10:10:19 # Dotazování celkové ceny obejednávky s daní
03.10.19 - 10:10:20 # Dotazování celkové ceny obejednávky s daní
03.10.19 - 10:10:21 # Dotazování celkové ceny obejednávky s daní
03.10.19 - 10:10:22 # Dotazování celkové ceny obejednávky s daní
03.10.19 - 10:10:23 # Dotazování celkové ceny obejednávky s daní
03.10.19 - 10:10:24 # Dotazování celkové ceny obejednávky s daní
03.10.19 - 10:10:25 # Dotazování celkové ceny obejednávky s daní
03.10.19 - 10:10:26 # Dotazování celkové ceny obejednávky s daní
03.10.19 - 10:10:27 # Dotazování celkové ceny obejednávky s daní
03.10.19 - 10:10:28 # Dotazování celkové ceny obejednávky s daní
03.10.19 - 10:10:29 # Dotazování celkové ceny obejednávky s daní
03.10.19 - 10:10:30 # Dotazování celkové ceny obejednávky s daní
03.10.19 - 10:10:31 # Dotazování celkové ceny obejednávky s daní
03.10.19 - 10:10:32 # Dotazování celkové ceny obejednávky s daní
03.10.19 - 10:10:33 # Dotazování celkové ceny obejednávky s daní
03.10.19 - 10:10:34 # Dotazování celkové ceny obejednávky s daní
03.10.19 - 10:10:35 # Dotazování celkové ceny obejednávky s daní
03.10.19 - 10:10:36 # Dotazování celkové ceny obejednávky s daní
03.10.19 - 10:10:37 # Dotazování celkové ceny obejednávky s daní
03.10.19 - 10:10:38 # Dotazování celkové ceny obejednávky s daní
03.10.19 - 10:10:39 # Dotazování celkové ceny obejednávky s daní
03.10.19 - 10:10:40 # Dotazování celkové ceny obejednávky s daní
03.10.19 - 10:10:41 # Dotazování celkové ceny obejednávky s daní
03.10.19 - 10:10:42 # Dotazování celkové ceny obejednávky s daní
