02.10.19 - 11:06:32 # Inicializace jádra...
02.10.19 - 11:06:32 # Vlákno pro sledování připojení k serverovému počítači vytvořeno.
02.10.19 - 11:06:33 # Zjišťování mnoství položek skladu
02.10.19 - 11:06:33 # Dotazování na jméno položky s ID: 1
02.10.19 - 11:06:33 # Dotazování na skladové množství položky s ID: 1
02.10.19 - 11:06:34 # Dotazování celkové ceny obejednávky s daní
02.10.19 - 11:06:35 # Dotazování celkové ceny obejednávky s daní
02.10.19 - 11:06:36 # Dotazování celkové ceny obejednávky s daní
02.10.19 - 11:06:37 # Dotazování celkové ceny obejednávky s daní
02.10.19 - 11:06:38 # Dotazování celkové ceny obejednávky s daní
02.10.19 - 11:06:39 # Dotazování celkové ceny obejednávky s daní
02.10.19 - 11:06:40 # Dotazování celkové ceny obejednávky s daní
02.10.19 - 11:06:41 # Dotazování celkové ceny obejednávky s daní
02.10.19 - 11:06:42 # Dotazování celkové ceny obejednávky s daní
02.10.19 - 11:06:43 # Dotazování celkové ceny obejednávky s daní
02.10.19 - 11:06:44 # Dotazování celkové ceny obejednávky s daní
02.10.19 - 11:06:45 # Dotazování celkové ceny obejednávky s daní
02.10.19 - 11:06:46 # Dotazování celkové ceny obejednávky s daní
02.10.19 - 11:06:47 # Dotazování celkové ceny obejednávky s daní
02.10.19 - 11:06:48 # Dotazování celkové ceny obejednávky s daní
02.10.19 - 11:06:48 # Destrukce objektu controler
