02.10.19 - 08:44:56 # Inicializace jádra...
02.10.19 - 08:44:56 # Zjišťování mnoství položek skladu
02.10.19 - 08:44:56 # Zjišťování mnoství položek skladu
02.10.19 - 08:44:56 # Dotazování na jméno položky s ID: 1
02.10.19 - 08:44:56 # Dotazování na skladové množství položky s ID: 1
02.10.19 - 08:44:56 # Zjišťování mnoství položek skladu
02.10.19 - 08:44:56 # Zjišťování mnoství položek skladu
02.10.19 - 08:44:56 # Zjišťování mnoství položek skladu
02.10.19 - 08:44:56 # Zjišťování mnoství položek skladu
02.10.19 - 08:44:56 # Zjišťování mnoství položek skladu
02.10.19 - 08:44:56 # Zjišťování mnoství položek skladu
02.10.19 - 08:44:56 # Zjišťování mnoství položek skladu
02.10.19 - 08:44:56 # Zjišťování mnoství položek skladu
02.10.19 - 08:44:56 # Zjišťování mnoství položek skladu
02.10.19 - 08:44:56 # Zjišťování mnoství položek skladu
02.10.19 - 08:44:56 # Zjišťování mnoství položek skladu
02.10.19 - 08:44:56 # Zjišťování mnoství položek skladu
02.10.19 - 08:44:56 # Zjišťování mnoství položek skladu
02.10.19 - 08:44:56 # Zjišťování mnoství položek skladu
02.10.19 - 08:44:57 # Dotazování celkové ceny obejednávky s daní
02.10.19 - 08:44:58 # Dotazování celkové ceny obejednávky s daní
