02.10.19 - 17:26:45 # Inicializace jádra...
02.10.19 - 17:26:45 # Vlákno pro sledování připojení k serverovému počítači vytvořeno.
02.10.19 - 17:26:45 # Zjišťování mnoství položek skladu
02.10.19 - 17:26:45 # Dotazování na jméno položky s ID: 1
02.10.19 - 17:26:45 # Dotazování na skladové množství položky s ID: 1
02.10.19 - 17:26:46 # Dotazování celkové ceny obejednávky s daní
02.10.19 - 17:26:47 # Dotazování celkové ceny obejednávky s daní
02.10.19 - 17:26:48 # Dotazování celkové ceny obejednávky s daní
02.10.19 - 17:26:48 # Zjišťování mnoství položek skladu
02.10.19 - 17:26:48 # Dotazování na jméno položky s ID: 1
02.10.19 - 17:26:48 # Dotazování na skladové množství položky s ID: 1
02.10.19 - 17:26:48 # Zjišťování mnoství položek skladu
02.10.19 - 17:26:48 # Dotazování na jméno položky s ID: 1
02.10.19 - 17:26:48 # Dotazování na skladové množství položky s ID: 1
02.10.19 - 17:26:49 # Zjišťování mnoství položek skladu
02.10.19 - 17:26:49 # Dotazování na jméno položky s ID: 1
02.10.19 - 17:26:49 # Dotazování na skladové množství položky s ID: 1
02.10.19 - 17:26:49 # Zjišťování mnoství položek skladu
02.10.19 - 17:26:49 # Dotazování na jméno položky s ID: 1
02.10.19 - 17:26:49 # Dotazování na skladové množství položky s ID: 1
02.10.19 - 17:26:49 # Zjišťování mnoství položek skladu
02.10.19 - 17:26:49 # Dotazování na jméno položky s ID: 1
02.10.19 - 17:26:49 # Dotazování na skladové množství položky s ID: 1
02.10.19 - 17:26:49 # Zjišťování mnoství položek skladu
02.10.19 - 17:26:49 # Dotazování na jméno položky s ID: 1
02.10.19 - 17:26:49 # Dotazování na skladové množství položky s ID: 1
02.10.19 - 17:26:49 # Zjišťování mnoství položek skladu
02.10.19 - 17:26:49 # Dotazování na jméno položky s ID: 1
02.10.19 - 17:26:49 # Dotazování na skladové množství položky s ID: 1
02.10.19 - 17:26:49 # Zjišťování mnoství položek skladu
02.10.19 - 17:26:49 # Dotazování na jméno položky s ID: 1
02.10.19 - 17:26:49 # Dotazování na skladové množství položky s ID: 1
02.10.19 - 17:26:49 # Zjišťování mnoství položek skladu
02.10.19 - 17:26:49 # Dotazování na jméno položky s ID: 1
02.10.19 - 17:26:49 # Dotazování na skladové množství položky s ID: 1
02.10.19 - 17:26:49 # Zjišťování mnoství položek skladu
02.10.19 - 17:26:49 # Dotazování na jméno položky s ID: 1
02.10.19 - 17:26:49 # Dotazování na skladové množství položky s ID: 1
02.10.19 - 17:26:49 # Zjišťování mnoství položek skladu
02.10.19 - 17:26:49 # Dotazování na jméno položky s ID: 1
02.10.19 - 17:26:49 # Dotazování na skladové množství položky s ID: 1
02.10.19 - 17:26:49 # Zjišťování mnoství položek skladu
02.10.19 - 17:26:49 # Dotazování na jméno položky s ID: 1
02.10.19 - 17:26:49 # Dotazování na skladové množství položky s ID: 1
02.10.19 - 17:26:49 # Zjišťování mnoství položek skladu
02.10.19 - 17:26:49 # Dotazování na jméno položky s ID: 1
02.10.19 - 17:26:49 # Dotazování na skladové množství položky s ID: 1
02.10.19 - 17:26:49 # Zjišťování mnoství položek skladu
02.10.19 - 17:26:49 # Dotazování na jméno položky s ID: 1
02.10.19 - 17:26:49 # Dotazování na skladové množství položky s ID: 1
02.10.19 - 17:26:49 # Zjišťování mnoství položek skladu
02.10.19 - 17:26:49 # Dotazování na jméno položky s ID: 1
02.10.19 - 17:26:49 # Dotazování na skladové množství položky s ID: 1
02.10.19 - 17:26:49 # Zjišťování mnoství položek skladu
02.10.19 - 17:26:49 # Dotazování na jméno položky s ID: 1
02.10.19 - 17:26:49 # Dotazování na skladové množství položky s ID: 1
02.10.19 - 17:26:49 # Zjišťování mnoství položek skladu
02.10.19 - 17:26:49 # Dotazování na jméno položky s ID: 1
02.10.19 - 17:26:49 # Dotazování na skladové množství položky s ID: 1
02.10.19 - 17:26:49 # Dotazování celkové ceny obejednávky s daní
02.10.19 - 17:26:50 # Zjišťování mnoství položek skladu
02.10.19 - 17:26:50 # Dotazování na jméno položky s ID: 1
02.10.19 - 17:26:50 # Dotazování na skladové množství položky s ID: 1
02.10.19 - 17:26:50 # Zjišťování mnoství položek skladu
02.10.19 - 17:26:50 # Dotazování na jméno položky s ID: 1
02.10.19 - 17:26:50 # Dotazování na skladové množství položky s ID: 1
02.10.19 - 17:26:50 # Zjišťování mnoství položek skladu
02.10.19 - 17:26:50 # Dotazování na jméno položky s ID: 1
02.10.19 - 17:26:50 # Dotazování na skladové množství položky s ID: 1
02.10.19 - 17:26:50 # Destrukce objektu controler
