03.10.19 - 07:38:23 # Inicializace jádra...
03.10.19 - 07:38:23 # Vlákno pro sledování připojení k serverovému počítači vytvořeno.
03.10.19 - 07:38:24 # Zjišťování mnoství položek skladu
03.10.19 - 07:38:24 # Dotazování na jméno položky s ID: 1
03.10.19 - 07:38:24 # Dotazování na skladové množství položky s ID: 1
03.10.19 - 07:38:25 # Dotazování celkové ceny obejednávky s daní
03.10.19 - 07:38:26 # Dotazování celkové ceny obejednávky s daní
03.10.19 - 07:38:27 # Dotazování celkové ceny obejednávky s daní
03.10.19 - 07:38:28 # Dotazování celkové ceny obejednávky s daní
03.10.19 - 07:38:29 # Dotazování celkové ceny obejednávky s daní
03.10.19 - 07:38:30 # Dotazování celkové ceny obejednávky s daní
03.10.19 - 07:38:31 # Dotazování celkové ceny obejednávky s daní
03.10.19 - 07:38:32 # Dotazování celkové ceny obejednávky s daní
03.10.19 - 07:38:33 # Dotazování celkové ceny obejednávky s daní
03.10.19 - 07:38:34 # Dotazování celkové ceny obejednávky s daní
03.10.19 - 07:38:35 # Dotazování celkové ceny obejednávky s daní
03.10.19 - 07:38:36 # Dotazování celkové ceny obejednávky s daní
03.10.19 - 07:38:37 # Dotazování celkové ceny obejednávky s daní
03.10.19 - 07:38:38 # Dotazování celkové ceny obejednávky s daní
03.10.19 - 07:38:39 # Dotazování celkové ceny obejednávky s daní
03.10.19 - 07:38:40 # Dotazování celkové ceny obejednávky s daní
03.10.19 - 07:38:41 # Dotazování celkové ceny obejednávky s daní
03.10.19 - 07:38:42 # Dotazování celkové ceny obejednávky s daní
03.10.19 - 07:38:43 # Dotazování celkové ceny obejednávky s daní
03.10.19 - 07:38:44 # Dotazování celkové ceny obejednávky s daní
03.10.19 - 07:38:44 # Destrukce objektu controler
