02.10.19 - 17:30:20 # Inicializace jádra...
02.10.19 - 17:30:20 # Vlákno pro sledování připojení k serverovému počítači vytvořeno.
02.10.19 - 17:30:20 # Zjišťování mnoství položek skladu
02.10.19 - 17:30:20 # Dotazování na jméno položky s ID: 1
02.10.19 - 17:30:20 # Dotazování na skladové množství položky s ID: 1
02.10.19 - 17:30:21 # Dotazování celkové ceny obejednávky s daní
02.10.19 - 17:30:22 # Dotazování celkové ceny obejednávky s daní
02.10.19 - 17:30:23 # Zjišťování mnoství položek skladu
02.10.19 - 17:30:23 # Dotazování na jméno položky s ID: 1
02.10.19 - 17:30:23 # Dotazování na skladové množství položky s ID: 1
02.10.19 - 17:30:23 # Zjišťování mnoství položek skladu
02.10.19 - 17:30:23 # Dotazování na jméno položky s ID: 1
02.10.19 - 17:30:23 # Dotazování na skladové množství položky s ID: 1
02.10.19 - 17:30:23 # Zjišťování mnoství položek skladu
02.10.19 - 17:30:23 # Dotazování na jméno položky s ID: 1
02.10.19 - 17:30:23 # Dotazování na skladové množství položky s ID: 1
02.10.19 - 17:30:23 # Zjišťování mnoství položek skladu
02.10.19 - 17:30:23 # Dotazování na jméno položky s ID: 1
02.10.19 - 17:30:23 # Dotazování na skladové množství položky s ID: 1
02.10.19 - 17:30:23 # Zjišťování mnoství položek skladu
02.10.19 - 17:30:23 # Dotazování na jméno položky s ID: 1
02.10.19 - 17:30:23 # Dotazování na skladové množství položky s ID: 1
02.10.19 - 17:30:23 # Zjišťování mnoství položek skladu
02.10.19 - 17:30:23 # Dotazování na jméno položky s ID: 1
02.10.19 - 17:30:23 # Dotazování na skladové množství položky s ID: 1
02.10.19 - 17:30:23 # Zjišťování mnoství položek skladu
02.10.19 - 17:30:23 # Dotazování na jméno položky s ID: 1
02.10.19 - 17:30:23 # Dotazování na skladové množství položky s ID: 1
02.10.19 - 17:30:23 # Zjišťování mnoství položek skladu
02.10.19 - 17:30:23 # Dotazování na jméno položky s ID: 1
02.10.19 - 17:30:23 # Dotazování na skladové množství položky s ID: 1
02.10.19 - 17:30:23 # Zjišťování mnoství položek skladu
02.10.19 - 17:30:23 # Dotazování na jméno položky s ID: 1
02.10.19 - 17:30:23 # Dotazování na skladové množství položky s ID: 1
02.10.19 - 17:30:23 # Zjišťování mnoství položek skladu
02.10.19 - 17:30:23 # Dotazování na jméno položky s ID: 1
02.10.19 - 17:30:23 # Dotazování na skladové množství položky s ID: 1
02.10.19 - 17:30:23 # Zjišťování mnoství položek skladu
02.10.19 - 17:30:23 # Dotazování na jméno položky s ID: 1
02.10.19 - 17:30:23 # Dotazování na skladové množství položky s ID: 1
02.10.19 - 17:30:23 # Zjišťování mnoství položek skladu
02.10.19 - 17:30:23 # Dotazování na jméno položky s ID: 1
02.10.19 - 17:30:23 # Dotazování na skladové množství položky s ID: 1
02.10.19 - 17:30:23 # Zjišťování mnoství položek skladu
02.10.19 - 17:30:23 # Dotazování na jméno položky s ID: 1
02.10.19 - 17:30:23 # Dotazování na skladové množství položky s ID: 1
02.10.19 - 17:30:23 # Dotazování celkové ceny obejednávky s daní
02.10.19 - 17:30:23 # Zjišťování mnoství položek skladu
02.10.19 - 17:30:23 # Dotazování na jméno položky s ID: 1
02.10.19 - 17:30:23 # Dotazování na skladové množství položky s ID: 1
02.10.19 - 17:30:23 # Zjišťování mnoství položek skladu
02.10.19 - 17:30:23 # Dotazování na jméno položky s ID: 1
02.10.19 - 17:30:23 # Dotazování na skladové množství položky s ID: 1
02.10.19 - 17:30:24 # Zjišťování mnoství položek skladu
02.10.19 - 17:30:24 # Dotazování na jméno položky s ID: 1
02.10.19 - 17:30:24 # Dotazování na skladové množství položky s ID: 1
02.10.19 - 17:30:24 # Zjišťování mnoství položek skladu
02.10.19 - 17:30:24 # Dotazování na jméno položky s ID: 1
02.10.19 - 17:30:24 # Dotazování na skladové množství položky s ID: 1
02.10.19 - 17:30:24 # Zjišťování mnoství položek skladu
02.10.19 - 17:30:24 # Dotazování na jméno položky s ID: 1
02.10.19 - 17:30:24 # Dotazování na skladové množství položky s ID: 1
02.10.19 - 17:30:24 # Zjišťování mnoství položek skladu
02.10.19 - 17:30:24 # Dotazování na jméno položky s ID: 1
02.10.19 - 17:30:24 # Dotazování na skladové množství položky s ID: 1
02.10.19 - 17:30:24 # Zjišťování mnoství položek skladu
02.10.19 - 17:30:24 # Dotazování na jméno položky s ID: 1
02.10.19 - 17:30:24 # Dotazování na skladové množství položky s ID: 1
02.10.19 - 17:30:24 # Zjišťování mnoství položek skladu
02.10.19 - 17:30:24 # Dotazování na jméno položky s ID: 1
02.10.19 - 17:30:24 # Dotazování na skladové množství položky s ID: 1
02.10.19 - 17:30:24 # Destrukce objektu controler
