03.10.19 - 10:01:39 # Inicializace jádra...
03.10.19 - 10:01:39 # Vlákno pro sledování připojení k serverovému počítači vytvořeno.
03.10.19 - 10:01:40 # Zjišťování mnoství položek skladu
03.10.19 - 10:01:40 # Dotazování na jméno položky s ID: 1
03.10.19 - 10:01:40 # Dotazování na skladové množství položky s ID: 1
03.10.19 - 10:01:41 # Dotazování celkové ceny obejednávky s daní
03.10.19 - 10:01:42 # Dotazování celkové ceny obejednávky s daní
03.10.19 - 10:01:43 # Dotazování celkové ceny obejednávky s daní
03.10.19 - 10:01:44 # Dotazování celkové ceny obejednávky s daní
03.10.19 - 10:01:45 # Dotazování celkové ceny obejednávky s daní
03.10.19 - 10:01:46 # Dotazování celkové ceny obejednávky s daní
03.10.19 - 10:01:47 # Dotazování celkové ceny obejednávky s daní
03.10.19 - 10:01:48 # Dotazování celkové ceny obejednávky s daní
03.10.19 - 10:01:49 # Dotazování celkové ceny obejednávky s daní
03.10.19 - 10:01:50 # Dotazování celkové ceny obejednávky s daní
03.10.19 - 10:01:51 # Dotazování celkové ceny obejednávky s daní
03.10.19 - 10:01:52 # Dotazování celkové ceny obejednávky s daní
03.10.19 - 10:01:53 # Dotazování celkové ceny obejednávky s daní
03.10.19 - 10:01:54 # Dotazování celkové ceny obejednávky s daní
03.10.19 - 10:01:55 # Dotazování celkové ceny obejednávky s daní
03.10.19 - 10:01:56 # Dotazování celkové ceny obejednávky s daní
03.10.19 - 10:01:57 # Dotazování celkové ceny obejednávky s daní
03.10.19 - 10:01:58 # Destrukce objektu controler
