02.10.19 - 21:24:46 # Inicializace jádra...
02.10.19 - 21:24:46 # Vlákno pro sledování připojení k serverovému počítači vytvořeno.
02.10.19 - 21:24:47 # Zjišťování mnoství položek skladu
02.10.19 - 21:24:48 # Dotazování celkové ceny obejednávky s daní
02.10.19 - 21:24:49 # Dotazování celkové ceny obejednávky s daní
02.10.19 - 21:24:50 # Zjišťování mnoství položek skladu
02.10.19 - 21:24:50 # Zjišťování mnoství položek skladu
02.10.19 - 21:24:50 # Zjišťování mnoství položek skladu
02.10.19 - 21:24:50 # Zjišťování mnoství položek skladu
02.10.19 - 21:24:50 # Zjišťování mnoství položek skladu
02.10.19 - 21:24:50 # Dotazování celkové ceny obejednávky s daní
02.10.19 - 21:24:50 # Zjišťování mnoství položek skladu
02.10.19 - 21:24:50 # Zjišťování mnoství položek skladu
02.10.19 - 21:24:50 # Zjišťování mnoství položek skladu
02.10.19 - 21:24:50 # Zjišťování mnoství položek skladu
02.10.19 - 21:24:50 # Zjišťování mnoství položek skladu
02.10.19 - 21:24:50 # Zjišťování mnoství položek skladu
02.10.19 - 21:24:50 # Zjišťování mnoství položek skladu
02.10.19 - 21:24:51 # Zjišťování mnoství položek skladu
02.10.19 - 21:24:51 # Zjišťování mnoství položek skladu
02.10.19 - 21:24:51 # Zjišťování mnoství položek skladu
02.10.19 - 21:24:51 # Zjišťování mnoství položek skladu
02.10.19 - 21:24:51 # Zjišťování mnoství položek skladu
02.10.19 - 21:24:51 # Zjišťování mnoství položek skladu
02.10.19 - 21:24:51 # Zjišťování mnoství položek skladu
02.10.19 - 21:24:51 # Dotazování celkové ceny obejednávky s daní
02.10.19 - 21:24:51 # Zjišťování mnoství položek skladu
02.10.19 - 21:24:51 # Zjišťování mnoství položek skladu
02.10.19 - 21:24:52 # Destrukce objektu controler
