03.10.19 - 10:04:59 # Inicializace jádra...
03.10.19 - 10:04:59 # Vlákno pro sledování připojení k serverovému počítači vytvořeno.
03.10.19 - 10:04:59 # Zjišťování mnoství položek skladu
03.10.19 - 10:04:59 # Dotazování na jméno položky s ID: 1
03.10.19 - 10:04:59 # Dotazování na skladové množství položky s ID: 1
03.10.19 - 10:05:00 # Dotazování celkové ceny obejednávky s daní
03.10.19 - 10:05:01 # Dotazování celkové ceny obejednávky s daní
03.10.19 - 10:05:02 # Dotazování celkové ceny obejednávky s daní
03.10.19 - 10:05:03 # Dotazování celkové ceny obejednávky s daní
03.10.19 - 10:05:04 # Dotazování celkové ceny obejednávky s daní
03.10.19 - 10:05:05 # Dotazování celkové ceny obejednávky s daní
03.10.19 - 10:05:06 # Dotazování celkové ceny obejednávky s daní
03.10.19 - 10:05:07 # Dotazování celkové ceny obejednávky s daní
03.10.19 - 10:05:08 # Dotazování celkové ceny obejednávky s daní
03.10.19 - 10:05:09 # Dotazování celkové ceny obejednávky s daní
03.10.19 - 10:05:10 # Dotazování celkové ceny obejednávky s daní
03.10.19 - 10:05:11 # Dotazování celkové ceny obejednávky s daní
03.10.19 - 10:05:12 # Dotazování celkové ceny obejednávky s daní
03.10.19 - 10:05:13 # Dotazování celkové ceny obejednávky s daní
03.10.19 - 10:05:14 # Dotazování celkové ceny obejednávky s daní
03.10.19 - 10:05:15 # Dotazování celkové ceny obejednávky s daní
03.10.19 - 10:05:16 # Dotazování celkové ceny obejednávky s daní
03.10.19 - 10:05:17 # Dotazování celkové ceny obejednávky s daní
03.10.19 - 10:05:18 # Dotazování celkové ceny obejednávky s daní
03.10.19 - 10:05:19 # Dotazování celkové ceny obejednávky s daní
03.10.19 - 10:05:20 # Dotazování celkové ceny obejednávky s daní
03.10.19 - 10:05:21 # Dotazování celkové ceny obejednávky s daní
03.10.19 - 10:05:22 # Dotazování celkové ceny obejednávky s daní
03.10.19 - 10:05:23 # Dotazování celkové ceny obejednávky s daní
03.10.19 - 10:05:24 # Dotazování celkové ceny obejednávky s daní
03.10.19 - 10:05:25 # Dotazování celkové ceny obejednávky s daní
03.10.19 - 10:05:26 # Dotazování celkové ceny obejednávky s daní
03.10.19 - 10:05:27 # Dotazování celkové ceny obejednávky s daní
03.10.19 - 10:05:28 # Dotazování celkové ceny obejednávky s daní
03.10.19 - 10:05:29 # Dotazování celkové ceny obejednávky s daní
03.10.19 - 10:05:30 # Dotazování celkové ceny obejednávky s daní
03.10.19 - 10:05:31 # Dotazování celkové ceny obejednávky s daní
03.10.19 - 10:05:32 # Dotazování celkové ceny obejednávky s daní
03.10.19 - 10:05:33 # Dotazování celkové ceny obejednávky s daní
03.10.19 - 10:05:34 # Dotazování celkové ceny obejednávky s daní
03.10.19 - 10:05:35 # Dotazování celkové ceny obejednávky s daní
03.10.19 - 10:05:36 # Dotazování celkové ceny obejednávky s daní
03.10.19 - 10:05:37 # Dotazování celkové ceny obejednávky s daní
03.10.19 - 10:05:38 # Dotazování celkové ceny obejednávky s daní
03.10.19 - 10:05:39 # Dotazování celkové ceny obejednávky s daní
03.10.19 - 10:05:40 # Dotazování celkové ceny obejednávky s daní
03.10.19 - 10:05:41 # Dotazování celkové ceny obejednávky s daní
03.10.19 - 10:05:42 # Dotazování celkové ceny obejednávky s daní
03.10.19 - 10:05:43 # Dotazování celkové ceny obejednávky s daní
03.10.19 - 10:05:44 # Dotazování celkové ceny obejednávky s daní
03.10.19 - 10:05:45 # Dotazování celkové ceny obejednávky s daní
03.10.19 - 10:05:46 # Dotazování celkové ceny obejednávky s daní
03.10.19 - 10:05:47 # Dotazování celkové ceny obejednávky s daní
03.10.19 - 10:05:48 # Dotazování celkové ceny obejednávky s daní
03.10.19 - 10:05:49 # Dotazování celkové ceny obejednávky s daní
03.10.19 - 10:05:50 # Dotazování celkové ceny obejednávky s daní
03.10.19 - 10:05:51 # Dotazování celkové ceny obejednávky s daní
03.10.19 - 10:05:52 # Dotazování celkové ceny obejednávky s daní
03.10.19 - 10:05:53 # Dotazování celkové ceny obejednávky s daní
03.10.19 - 10:05:54 # Dotazování celkové ceny obejednávky s daní
03.10.19 - 10:05:55 # Dotazování celkové ceny obejednávky s daní
03.10.19 - 10:05:56 # Dotazování celkové ceny obejednávky s daní
03.10.19 - 10:05:57 # Dotazování celkové ceny obejednávky s daní
03.10.19 - 10:05:58 # Dotazování celkové ceny obejednávky s daní
03.10.19 - 10:05:59 # Dotazování celkové ceny obejednávky s daní
03.10.19 - 10:06:00 # Dotazování celkové ceny obejednávky s daní
03.10.19 - 10:06:01 # Dotazování celkové ceny obejednávky s daní
03.10.19 - 10:06:02 # Dotazování celkové ceny obejednávky s daní
03.10.19 - 10:06:03 # Dotazování celkové ceny obejednávky s daní
03.10.19 - 10:06:04 # Dotazování celkové ceny obejednávky s daní
03.10.19 - 10:06:05 # Dotazování celkové ceny obejednávky s daní
03.10.19 - 10:06:06 # Dotazování celkové ceny obejednávky s daní
03.10.19 - 10:06:07 # Dotazování celkové ceny obejednávky s daní
03.10.19 - 10:06:08 # Dotazování celkové ceny obejednávky s daní
03.10.19 - 10:06:09 # Dotazování celkové ceny obejednávky s daní
03.10.19 - 10:06:10 # Dotazování celkové ceny obejednávky s daní
03.10.19 - 10:06:11 # Dotazování celkové ceny obejednávky s daní
03.10.19 - 10:06:12 # Dotazování celkové ceny obejednávky s daní
03.10.19 - 10:06:13 # Dotazování celkové ceny obejednávky s daní
03.10.19 - 10:06:14 # Dotazování celkové ceny obejednávky s daní
03.10.19 - 10:06:15 # Dotazování celkové ceny obejednávky s daní
03.10.19 - 10:06:16 # Dotazování celkové ceny obejednávky s daní
03.10.19 - 10:06:17 # Dotazování celkové ceny obejednávky s daní
03.10.19 - 10:06:18 # Dotazování celkové ceny obejednávky s daní
03.10.19 - 10:06:19 # Dotazování celkové ceny obejednávky s daní
03.10.19 - 10:06:20 # Dotazování celkové ceny obejednávky s daní
03.10.19 - 10:06:21 # Dotazování celkové ceny obejednávky s daní
03.10.19 - 10:06:22 # Dotazování celkové ceny obejednávky s daní
03.10.19 - 10:06:23 # Dotazování celkové ceny obejednávky s daní
03.10.19 - 10:06:24 # Dotazování celkové ceny obejednávky s daní
03.10.19 - 10:06:25 # Dotazování celkové ceny obejednávky s daní
03.10.19 - 10:06:26 # Dotazování celkové ceny obejednávky s daní
03.10.19 - 10:06:28 # Dotazování celkové ceny obejednávky s daní
03.10.19 - 10:06:29 # Dotazování celkové ceny obejednávky s daní
03.10.19 - 10:06:30 # Dotazování celkové ceny obejednávky s daní
03.10.19 - 10:06:31 # Dotazování celkové ceny obejednávky s daní
03.10.19 - 10:06:32 # Dotazování celkové ceny obejednávky s daní
03.10.19 - 10:06:33 # Dotazování celkové ceny obejednávky s daní
03.10.19 - 10:06:34 # Dotazování celkové ceny obejednávky s daní
03.10.19 - 10:06:35 # Dotazování celkové ceny obejednávky s daní
03.10.19 - 10:06:36 # Dotazování celkové ceny obejednávky s daní
03.10.19 - 10:06:37 # Dotazování celkové ceny obejednávky s daní
03.10.19 - 10:06:38 # Dotazování celkové ceny obejednávky s daní
03.10.19 - 10:06:39 # Dotazování celkové ceny obejednávky s daní
03.10.19 - 10:06:40 # Dotazování celkové ceny obejednávky s daní
03.10.19 - 10:06:41 # Dotazování celkové ceny obejednávky s daní
03.10.19 - 10:06:42 # Dotazování celkové ceny obejednávky s daní
03.10.19 - 10:06:43 # Dotazování celkové ceny obejednávky s daní
03.10.19 - 10:06:44 # Dotazování celkové ceny obejednávky s daní
03.10.19 - 10:06:45 # Dotazování celkové ceny obejednávky s daní
03.10.19 - 10:06:46 # Dotazování celkové ceny obejednávky s daní
03.10.19 - 10:06:47 # Dotazování celkové ceny obejednávky s daní
03.10.19 - 10:06:48 # Dotazování celkové ceny obejednávky s daní
03.10.19 - 10:06:49 # Dotazování celkové ceny obejednávky s daní
03.10.19 - 10:06:50 # Dotazování celkové ceny obejednávky s daní
03.10.19 - 10:06:51 # Dotazování celkové ceny obejednávky s daní
03.10.19 - 10:06:52 # Dotazování celkové ceny obejednávky s daní
03.10.19 - 10:06:53 # Dotazování celkové ceny obejednávky s daní
03.10.19 - 10:06:54 # Dotazování celkové ceny obejednávky s daní
03.10.19 - 10:06:55 # Dotazování celkové ceny obejednávky s daní
03.10.19 - 10:06:56 # Dotazování celkové ceny obejednávky s daní
03.10.19 - 10:06:57 # Dotazování celkové ceny obejednávky s daní
03.10.19 - 10:06:58 # Dotazování celkové ceny obejednávky s daní
03.10.19 - 10:06:59 # Dotazování celkové ceny obejednávky s daní
03.10.19 - 10:07:00 # Dotazování celkové ceny obejednávky s daní
03.10.19 - 10:07:01 # Dotazování celkové ceny obejednávky s daní
03.10.19 - 10:07:02 # Dotazování celkové ceny obejednávky s daní
03.10.19 - 10:07:03 # Dotazování celkové ceny obejednávky s daní
03.10.19 - 10:07:04 # Dotazování celkové ceny obejednávky s daní
03.10.19 - 10:07:05 # Dotazování celkové ceny obejednávky s daní
03.10.19 - 10:07:06 # Dotazování celkové ceny obejednávky s daní
03.10.19 - 10:07:07 # Dotazování celkové ceny obejednávky s daní
03.10.19 - 10:07:08 # Dotazování celkové ceny obejednávky s daní
03.10.19 - 10:07:09 # Dotazování celkové ceny obejednávky s daní
03.10.19 - 10:07:10 # Dotazování celkové ceny obejednávky s daní
03.10.19 - 10:07:11 # Dotazování celkové ceny obejednávky s daní
03.10.19 - 10:07:12 # Dotazování celkové ceny obejednávky s daní
03.10.19 - 10:07:13 # Dotazování celkové ceny obejednávky s daní
03.10.19 - 10:07:14 # Dotazování celkové ceny obejednávky s daní
03.10.19 - 10:07:15 # Dotazování celkové ceny obejednávky s daní
03.10.19 - 10:07:16 # Dotazování celkové ceny obejednávky s daní
03.10.19 - 10:07:17 # Dotazování celkové ceny obejednávky s daní
03.10.19 - 10:07:18 # Dotazování celkové ceny obejednávky s daní
03.10.19 - 10:07:19 # Dotazování celkové ceny obejednávky s daní
03.10.19 - 10:07:20 # Dotazování celkové ceny obejednávky s daní
03.10.19 - 10:07:21 # Dotazování celkové ceny obejednávky s daní
03.10.19 - 10:07:23 # Dotazování celkové ceny obejednávky s daní
