02.10.19 - 08:41:03 # Inicializace jádra...
02.10.19 - 08:41:04 # Zjišťování mnoství položek skladu
02.10.19 - 08:41:04 # Zjišťování mnoství položek skladu
02.10.19 - 08:41:04 # Dotazování na jméno položky s ID: 1
02.10.19 - 08:41:04 # Dotazování na skladové množství položky s ID: 1
02.10.19 - 08:41:04 # Zjišťování mnoství položek skladu
02.10.19 - 08:41:04 # Zjišťování mnoství položek skladu
02.10.19 - 08:41:04 # Zjišťování mnoství položek skladu
02.10.19 - 08:41:04 # Zjišťování mnoství položek skladu
02.10.19 - 08:41:04 # Zjišťování mnoství položek skladu
02.10.19 - 08:41:04 # Zjišťování mnoství položek skladu
02.10.19 - 08:41:04 # Zjišťování mnoství položek skladu
02.10.19 - 08:41:04 # Zjišťování mnoství položek skladu
02.10.19 - 08:41:04 # Zjišťování mnoství položek skladu
02.10.19 - 08:41:04 # Zjišťování mnoství položek skladu
02.10.19 - 08:41:04 # Zjišťování mnoství položek skladu
02.10.19 - 08:41:04 # Zjišťování mnoství položek skladu
02.10.19 - 08:41:04 # Zjišťování mnoství položek skladu
02.10.19 - 08:41:04 # Zjišťování mnoství položek skladu
02.10.19 - 08:41:04 # Dotazování celové počtu položek v nákupním seznamu
02.10.19 - 08:41:04 # Dotazování celové počtu položek v nákupním seznamu
02.10.19 - 08:41:04 # Dotazování celové počtu položek v nákupním seznamu
02.10.19 - 08:41:04 # Dotazování celové počtu položek v nákupním seznamu
02.10.19 - 08:41:04 # Dotazování celové počtu položek v nákupním seznamu
02.10.19 - 08:41:04 # Dotazování celové počtu položek v nákupním seznamu
02.10.19 - 08:41:04 # Dotazování celové počtu položek v nákupním seznamu
02.10.19 - 08:41:04 # Dotazování celové počtu položek v nákupním seznamu
02.10.19 - 08:41:04 # Dotazování celové počtu položek v nákupním seznamu
02.10.19 - 08:41:04 # Dotazování celové počtu položek v nákupním seznamu
02.10.19 - 08:41:04 # Dotazování celové počtu položek v nákupním seznamu
02.10.19 - 08:41:04 # Dotazování celové počtu položek v nákupním seznamu
02.10.19 - 08:41:05 # Dotazování celové ceny obejednávky s daní
02.10.19 - 08:41:05 # Dotazování celové počtu položek v nákupním seznamu
02.10.19 - 08:41:06 # Dotazování celové ceny obejednávky s daní
02.10.19 - 08:41:06 # Dotazování celové počtu položek v nákupním seznamu
02.10.19 - 08:41:06 # Dotazování celové počtu položek v nákupním seznamu
02.10.19 - 08:41:06 # Dotazování celové počtu položek v nákupním seznamu
02.10.19 - 08:41:06 # Dotazování celové počtu položek v nákupním seznamu
02.10.19 - 08:41:06 # Dotazování celové počtu položek v nákupním seznamu
02.10.19 - 08:41:06 # Dotazování celové počtu položek v nákupním seznamu
02.10.19 - 08:41:06 # Dotazování celové počtu položek v nákupním seznamu
02.10.19 - 08:41:06 # Dotazování celové počtu položek v nákupním seznamu
02.10.19 - 08:41:06 # Dotazování celové počtu položek v nákupním seznamu
02.10.19 - 08:41:06 # Dotazování celové počtu položek v nákupním seznamu
02.10.19 - 08:41:06 # Dotazování celové počtu položek v nákupním seznamu
02.10.19 - 08:41:06 # Dotazování celové počtu položek v nákupním seznamu
02.10.19 - 08:41:06 # Dotazování celové počtu položek v nákupním seznamu
02.10.19 - 08:41:06 # Dotazování celové počtu položek v nákupním seznamu
02.10.19 - 08:41:06 # Dotazování celové počtu položek v nákupním seznamu
02.10.19 - 08:41:06 # Dotazování celové počtu položek v nákupním seznamu
02.10.19 - 08:41:06 # Dotazování celové počtu položek v nákupním seznamu
02.10.19 - 08:41:06 # Dotazování celové počtu položek v nákupním seznamu
02.10.19 - 08:41:06 # Dotazování celové počtu položek v nákupním seznamu
02.10.19 - 08:41:06 # Dotazování celové počtu položek v nákupním seznamu
02.10.19 - 08:41:06 # Dotazování celové počtu položek v nákupním seznamu
02.10.19 - 08:41:06 # Dotazování celové počtu položek v nákupním seznamu
02.10.19 - 08:41:06 # Dotazování celové počtu položek v nákupním seznamu
02.10.19 - 08:41:06 # Dotazování celové počtu položek v nákupním seznamu
02.10.19 - 08:41:06 # Dotazování celové počtu položek v nákupním seznamu
02.10.19 - 08:41:07 # Dotazování celové ceny obejednávky s daní
02.10.19 - 08:41:07 # Dotazování celové počtu položek v nákupním seznamu
02.10.19 - 08:41:08 # Dotazování celové ceny obejednávky s daní
02.10.19 - 08:41:08 # Dotazování celové počtu položek v nákupním seznamu
02.10.19 - 08:41:09 # Dotazování celové ceny obejednávky s daní
02.10.19 - 08:41:09 # Dotazování celové počtu položek v nákupním seznamu
