02.10.19 - 17:27:00 # Inicializace jádra...
02.10.19 - 17:27:00 # Vlákno pro sledování připojení k serverovému počítači vytvořeno.
02.10.19 - 17:27:00 # Zjišťování mnoství položek skladu
02.10.19 - 17:27:01 # Dotazování celkové ceny obejednávky s daní
02.10.19 - 17:27:02 # Dotazování celkové ceny obejednávky s daní
02.10.19 - 17:27:02 # Zjišťování mnoství položek skladu
02.10.19 - 17:27:02 # Zjišťování mnoství položek skladu
02.10.19 - 17:27:02 # Zjišťování mnoství položek skladu
02.10.19 - 17:27:02 # Zjišťování mnoství položek skladu
02.10.19 - 17:27:02 # Zjišťování mnoství položek skladu
02.10.19 - 17:27:02 # Zjišťování mnoství položek skladu
02.10.19 - 17:27:03 # Zjišťování mnoství položek skladu
02.10.19 - 17:27:03 # Zjišťování mnoství položek skladu
02.10.19 - 17:27:03 # Zjišťování mnoství položek skladu
02.10.19 - 17:27:03 # Zjišťování mnoství položek skladu
02.10.19 - 17:27:03 # Zjišťování mnoství položek skladu
02.10.19 - 17:27:03 # Zjišťování mnoství položek skladu
02.10.19 - 17:27:03 # Zjišťování mnoství položek skladu
02.10.19 - 17:27:03 # Zjišťování mnoství položek skladu
02.10.19 - 17:27:03 # Zjišťování mnoství položek skladu
02.10.19 - 17:27:03 # Zjišťování mnoství položek skladu
02.10.19 - 17:27:03 # Zjišťování mnoství položek skladu
02.10.19 - 17:27:03 # Zjišťování mnoství položek skladu
02.10.19 - 17:27:03 # Dotazování celkové ceny obejednávky s daní
02.10.19 - 17:27:03 # Zjišťování mnoství položek skladu
02.10.19 - 17:27:03 # Zjišťování mnoství položek skladu
02.10.19 - 17:27:04 # Zjišťování mnoství položek skladu
02.10.19 - 17:27:04 # Zjišťování mnoství položek skladu
02.10.19 - 17:27:04 # Zjišťování mnoství položek skladu
02.10.19 - 17:27:04 # Zjišťování mnoství položek skladu
02.10.19 - 17:27:04 # Zjišťování mnoství položek skladu
02.10.19 - 17:27:04 # Zjišťování mnoství položek skladu
02.10.19 - 17:27:04 # Dotazování celkové ceny obejednávky s daní
02.10.19 - 17:27:04 # Zjišťování mnoství položek skladu
02.10.19 - 17:27:05 # Zjišťování mnoství položek skladu
02.10.19 - 17:27:05 # Zjišťování mnoství položek skladu
02.10.19 - 17:27:05 # Zjišťování mnoství položek skladu
02.10.19 - 17:27:05 # Zjišťování mnoství položek skladu
02.10.19 - 17:27:05 # Zjišťování mnoství položek skladu
02.10.19 - 17:27:05 # Zjišťování mnoství položek skladu
02.10.19 - 17:27:05 # Dotazování celkové ceny obejednávky s daní
02.10.19 - 17:27:05 # Zjišťování mnoství položek skladu
02.10.19 - 17:27:06 # Zjišťování mnoství položek skladu
02.10.19 - 17:27:06 # Zjišťování mnoství položek skladu
02.10.19 - 17:27:06 # Zjišťování mnoství položek skladu
02.10.19 - 17:27:06 # Zjišťování mnoství položek skladu
02.10.19 - 17:27:06 # Dotazování celkové ceny obejednávky s daní
02.10.19 - 17:27:07 # Destrukce objektu controler
