03.10.19 - 10:18:57 # Inicializace jádra...
03.10.19 - 10:18:57 # Vlákno pro sledování připojení k serverovému počítači vytvořeno.
03.10.19 - 10:18:58 # Zjišťování mnoství položek skladu
03.10.19 - 10:18:58 # Dotazování na jméno položky s ID: 1
03.10.19 - 10:18:58 # Dotazování na skladové množství položky s ID: 1
03.10.19 - 10:18:59 # Dotazování celkové ceny obejednávky s daní
03.10.19 - 10:19:00 # Dotazování celkové ceny obejednávky s daní
03.10.19 - 10:19:01 # Dotazování celkové ceny obejednávky s daní
03.10.19 - 10:19:02 # Dotazování celkové ceny obejednávky s daní
03.10.19 - 10:19:03 # Dotazování celkové ceny obejednávky s daní
03.10.19 - 10:19:04 # Dotazování celkové ceny obejednávky s daní
03.10.19 - 10:19:05 # Dotazování celkové ceny obejednávky s daní
03.10.19 - 10:19:06 # Dotazování celkové ceny obejednávky s daní
03.10.19 - 10:19:07 # Dotazování celkové ceny obejednávky s daní
03.10.19 - 10:19:08 # Dotazování celkové ceny obejednávky s daní
03.10.19 - 10:19:09 # Dotazování celkové ceny obejednávky s daní
03.10.19 - 10:19:10 # Dotazování celkové ceny obejednávky s daní
03.10.19 - 10:19:11 # Dotazování celkové ceny obejednávky s daní
03.10.19 - 10:19:12 # Dotazování celkové ceny obejednávky s daní
03.10.19 - 10:19:13 # Dotazování celkové ceny obejednávky s daní
03.10.19 - 10:19:14 # Dotazování celkové ceny obejednávky s daní
03.10.19 - 10:19:15 # Dotazování celkové ceny obejednávky s daní
03.10.19 - 10:19:16 # Dotazování celkové ceny obejednávky s daní
03.10.19 - 10:19:17 # Dotazování celkové ceny obejednávky s daní
03.10.19 - 10:19:18 # Dotazování celkové ceny obejednávky s daní
03.10.19 - 10:19:19 # Dotazování celkové ceny obejednávky s daní
03.10.19 - 10:19:20 # Dotazování celkové ceny obejednávky s daní
03.10.19 - 10:19:21 # Dotazování celkové ceny obejednávky s daní
03.10.19 - 10:19:22 # Dotazování celkové ceny obejednávky s daní
03.10.19 - 10:19:23 # Dotazování celkové ceny obejednávky s daní
03.10.19 - 10:19:24 # Dotazování celkové ceny obejednávky s daní
03.10.19 - 10:19:25 # Dotazování celkové ceny obejednávky s daní
03.10.19 - 10:19:26 # Dotazování celkové ceny obejednávky s daní
03.10.19 - 10:19:27 # Dotazování celkové ceny obejednávky s daní
03.10.19 - 10:19:28 # Dotazování celkové ceny obejednávky s daní
03.10.19 - 10:19:29 # Dotazování celkové ceny obejednávky s daní
03.10.19 - 10:19:30 # Dotazování celkové ceny obejednávky s daní
03.10.19 - 10:19:31 # Dotazování celkové ceny obejednávky s daní
03.10.19 - 10:19:32 # Dotazování celkové ceny obejednávky s daní
03.10.19 - 10:19:33 # Dotazování celkové ceny obejednávky s daní
03.10.19 - 10:19:34 # Dotazování celkové ceny obejednávky s daní
03.10.19 - 10:19:35 # Dotazování celkové ceny obejednávky s daní
03.10.19 - 10:19:36 # Dotazování celkové ceny obejednávky s daní
03.10.19 - 10:19:37 # Dotazování celkové ceny obejednávky s daní
03.10.19 - 10:19:38 # Dotazování celkové ceny obejednávky s daní
03.10.19 - 10:19:39 # Dotazování celkové ceny obejednávky s daní
03.10.19 - 10:19:40 # Dotazování celkové ceny obejednávky s daní
03.10.19 - 10:19:41 # Dotazování celkové ceny obejednávky s daní
03.10.19 - 10:19:42 # Dotazování celkové ceny obejednávky s daní
03.10.19 - 10:19:43 # Dotazování celkové ceny obejednávky s daní
03.10.19 - 10:19:44 # Dotazování celkové ceny obejednávky s daní
03.10.19 - 10:19:45 # Dotazování celkové ceny obejednávky s daní
03.10.19 - 10:19:46 # Dotazování celkové ceny obejednávky s daní
03.10.19 - 10:19:47 # Dotazování celkové ceny obejednávky s daní
03.10.19 - 10:19:48 # Dotazování celkové ceny obejednávky s daní
03.10.19 - 10:19:49 # Dotazování celkové ceny obejednávky s daní
03.10.19 - 10:19:50 # Dotazování celkové ceny obejednávky s daní
03.10.19 - 10:19:51 # Dotazování celkové ceny obejednávky s daní
03.10.19 - 10:19:52 # Dotazování celkové ceny obejednávky s daní
03.10.19 - 10:19:53 # Dotazování celkové ceny obejednávky s daní
03.10.19 - 10:19:54 # Dotazování celkové ceny obejednávky s daní
03.10.19 - 10:19:55 # Dotazování celkové ceny obejednávky s daní
03.10.19 - 10:19:56 # Dotazování celkové ceny obejednávky s daní
03.10.19 - 10:19:57 # Dotazování celkové ceny obejednávky s daní
03.10.19 - 10:19:58 # Dotazování celkové ceny obejednávky s daní
03.10.19 - 10:19:59 # Dotazování celkové ceny obejednávky s daní
03.10.19 - 10:20:00 # Dotazování celkové ceny obejednávky s daní
03.10.19 - 10:20:01 # Dotazování celkové ceny obejednávky s daní
03.10.19 - 10:20:02 # Dotazování celkové ceny obejednávky s daní
03.10.19 - 10:20:03 # Dotazování celkové ceny obejednávky s daní
03.10.19 - 10:20:04 # Dotazování celkové ceny obejednávky s daní
03.10.19 - 10:20:05 # Dotazování celkové ceny obejednávky s daní
03.10.19 - 10:20:06 # Dotazování celkové ceny obejednávky s daní
03.10.19 - 10:20:07 # Dotazování celkové ceny obejednávky s daní
03.10.19 - 10:20:08 # Dotazování celkové ceny obejednávky s daní
03.10.19 - 10:20:09 # Dotazování celkové ceny obejednávky s daní
03.10.19 - 10:20:10 # Dotazování celkové ceny obejednávky s daní
03.10.19 - 10:20:11 # Dotazování celkové ceny obejednávky s daní
03.10.19 - 10:20:12 # Dotazování celkové ceny obejednávky s daní
03.10.19 - 10:20:13 # Dotazování celkové ceny obejednávky s daní
03.10.19 - 10:20:14 # Dotazování celkové ceny obejednávky s daní
03.10.19 - 10:20:15 # Dotazování celkové ceny obejednávky s daní
03.10.19 - 10:20:16 # Dotazování celkové ceny obejednávky s daní
03.10.19 - 10:20:17 # Dotazování celkové ceny obejednávky s daní
03.10.19 - 10:20:18 # Dotazování celkové ceny obejednávky s daní
03.10.19 - 10:20:19 # Dotazování celkové ceny obejednávky s daní
03.10.19 - 10:20:20 # Dotazování celkové ceny obejednávky s daní
03.10.19 - 10:20:21 # Dotazování celkové ceny obejednávky s daní
03.10.19 - 10:20:22 # Dotazování celkové ceny obejednávky s daní
03.10.19 - 10:20:23 # Dotazování celkové ceny obejednávky s daní
03.10.19 - 10:20:24 # Dotazování celkové ceny obejednávky s daní
03.10.19 - 10:20:25 # Dotazování celkové ceny obejednávky s daní
03.10.19 - 10:20:26 # Dotazování celkové ceny obejednávky s daní
03.10.19 - 10:20:27 # Dotazování celkové ceny obejednávky s daní
03.10.19 - 10:20:28 # Dotazování celkové ceny obejednávky s daní
03.10.19 - 10:20:29 # Dotazování celkové ceny obejednávky s daní
03.10.19 - 10:20:30 # Dotazování celkové ceny obejednávky s daní
03.10.19 - 10:20:31 # Dotazování celkové ceny obejednávky s daní
03.10.19 - 10:20:32 # Dotazování celkové ceny obejednávky s daní
03.10.19 - 10:20:33 # Dotazování celkové ceny obejednávky s daní
03.10.19 - 10:20:34 # Dotazování celkové ceny obejednávky s daní
03.10.19 - 10:20:35 # Dotazování celkové ceny obejednávky s daní
03.10.19 - 10:20:36 # Dotazování celkové ceny obejednávky s daní
03.10.19 - 10:20:37 # Dotazování celkové ceny obejednávky s daní
03.10.19 - 10:20:38 # Dotazování celkové ceny obejednávky s daní
03.10.19 - 10:20:39 # Dotazování celkové ceny obejednávky s daní
03.10.19 - 10:20:40 # Dotazování celkové ceny obejednávky s daní
03.10.19 - 10:20:41 # Dotazování celkové ceny obejednávky s daní
03.10.19 - 10:20:42 # Dotazování celkové ceny obejednávky s daní
03.10.19 - 10:20:43 # Dotazování celkové ceny obejednávky s daní
03.10.19 - 10:20:44 # Dotazování celkové ceny obejednávky s daní
03.10.19 - 10:20:45 # Dotazování celkové ceny obejednávky s daní
03.10.19 - 10:20:46 # Dotazování celkové ceny obejednávky s daní
03.10.19 - 10:20:47 # Dotazování celkové ceny obejednávky s daní
03.10.19 - 10:20:48 # Dotazování celkové ceny obejednávky s daní
03.10.19 - 10:20:49 # Dotazování celkové ceny obejednávky s daní
03.10.19 - 10:20:50 # Dotazování celkové ceny obejednávky s daní
03.10.19 - 10:20:51 # Dotazování celkové ceny obejednávky s daní
03.10.19 - 10:20:52 # Dotazování celkové ceny obejednávky s daní
03.10.19 - 10:20:53 # Dotazování celkové ceny obejednávky s daní
03.10.19 - 10:20:54 # Dotazování celkové ceny obejednávky s daní
03.10.19 - 10:20:55 # Dotazování celkové ceny obejednávky s daní
03.10.19 - 10:20:56 # Dotazování celkové ceny obejednávky s daní
03.10.19 - 10:20:57 # Dotazování celkové ceny obejednávky s daní
03.10.19 - 10:20:58 # Dotazování celkové ceny obejednávky s daní
03.10.19 - 10:20:59 # Dotazování celkové ceny obejednávky s daní
03.10.19 - 10:21:00 # Dotazování celkové ceny obejednávky s daní
03.10.19 - 10:21:01 # Dotazování celkové ceny obejednávky s daní
03.10.19 - 10:21:02 # Dotazování celkové ceny obejednávky s daní
03.10.19 - 10:21:03 # Dotazování celkové ceny obejednávky s daní
03.10.19 - 10:21:04 # Dotazování celkové ceny obejednávky s daní
03.10.19 - 10:21:05 # Dotazování celkové ceny obejednávky s daní
03.10.19 - 10:21:06 # Dotazování celkové ceny obejednávky s daní
03.10.19 - 10:21:07 # Dotazování celkové ceny obejednávky s daní
03.10.19 - 10:21:08 # Dotazování celkové ceny obejednávky s daní
03.10.19 - 10:21:09 # Dotazování celkové ceny obejednávky s daní
03.10.19 - 10:21:10 # Dotazování celkové ceny obejednávky s daní
03.10.19 - 10:21:11 # Dotazování celkové ceny obejednávky s daní
03.10.19 - 10:21:12 # Dotazování celkové ceny obejednávky s daní
03.10.19 - 10:21:13 # Dotazování celkové ceny obejednávky s daní
03.10.19 - 10:21:14 # Dotazování celkové ceny obejednávky s daní
03.10.19 - 10:21:15 # Dotazování celkové ceny obejednávky s daní
03.10.19 - 10:21:16 # Dotazování celkové ceny obejednávky s daní
03.10.19 - 10:21:17 # Dotazování celkové ceny obejednávky s daní
03.10.19 - 10:21:18 # Dotazování celkové ceny obejednávky s daní
03.10.19 - 10:21:19 # Dotazování celkové ceny obejednávky s daní
03.10.19 - 10:21:20 # Dotazování celkové ceny obejednávky s daní
03.10.19 - 10:21:21 # Dotazování celkové ceny obejednávky s daní
03.10.19 - 10:21:22 # Dotazování celkové ceny obejednávky s daní
03.10.19 - 10:21:23 # Dotazování celkové ceny obejednávky s daní
03.10.19 - 10:21:24 # Dotazování celkové ceny obejednávky s daní
03.10.19 - 10:21:25 # Dotazování celkové ceny obejednávky s daní
03.10.19 - 10:21:26 # Dotazování celkové ceny obejednávky s daní
03.10.19 - 10:21:27 # Dotazování celkové ceny obejednávky s daní
03.10.19 - 10:21:28 # Dotazování celkové ceny obejednávky s daní
03.10.19 - 10:21:29 # Dotazování celkové ceny obejednávky s daní
03.10.19 - 10:21:30 # Dotazování celkové ceny obejednávky s daní
03.10.19 - 10:21:31 # Dotazování celkové ceny obejednávky s daní
03.10.19 - 10:21:32 # Dotazování celkové ceny obejednávky s daní
03.10.19 - 10:21:33 # Dotazování celkové ceny obejednávky s daní
03.10.19 - 10:21:34 # Dotazování celkové ceny obejednávky s daní
03.10.19 - 10:21:35 # Dotazování celkové ceny obejednávky s daní
03.10.19 - 10:21:36 # Dotazování celkové ceny obejednávky s daní
03.10.19 - 10:21:37 # Dotazování celkové ceny obejednávky s daní
03.10.19 - 10:21:38 # Dotazování celkové ceny obejednávky s daní
03.10.19 - 10:21:39 # Dotazování celkové ceny obejednávky s daní
03.10.19 - 10:21:40 # Dotazování celkové ceny obejednávky s daní
03.10.19 - 10:21:41 # Dotazování celkové ceny obejednávky s daní
03.10.19 - 10:21:42 # Dotazování celkové ceny obejednávky s daní
03.10.19 - 10:21:43 # Destrukce objektu controler
