02.10.19 - 17:23:52 # Inicializace jádra...
02.10.19 - 17:23:52 # Vlákno pro sledování připojení k serverovému počítači vytvořeno.
02.10.19 - 17:23:52 # Zjišťování mnoství položek skladu
02.10.19 - 17:23:53 # Dotazování celkové ceny obejednávky s daní
02.10.19 - 17:23:54 # Dotazování celkové ceny obejednávky s daní
02.10.19 - 17:23:55 # Dotazování celkové ceny obejednávky s daní
02.10.19 - 17:23:56 # Zjišťování mnoství položek skladu
02.10.19 - 17:23:56 # Zjišťování mnoství položek skladu
02.10.19 - 17:23:56 # Zjišťování mnoství položek skladu
02.10.19 - 17:23:56 # Zjišťování mnoství položek skladu
02.10.19 - 17:23:56 # Zjišťování mnoství položek skladu
02.10.19 - 17:23:56 # Zjišťování mnoství položek skladu
02.10.19 - 17:23:56 # Zjišťování mnoství položek skladu
02.10.19 - 17:23:56 # Zjišťování mnoství položek skladu
02.10.19 - 17:23:56 # Zjišťování mnoství položek skladu
02.10.19 - 17:23:56 # Zjišťování mnoství položek skladu
02.10.19 - 17:23:56 # Zjišťování mnoství položek skladu
02.10.19 - 17:23:56 # Zjišťování mnoství položek skladu
02.10.19 - 17:23:56 # Zjišťování mnoství položek skladu
02.10.19 - 17:23:56 # Zjišťování mnoství položek skladu
02.10.19 - 17:23:56 # Zjišťování mnoství položek skladu
02.10.19 - 17:23:56 # Zjišťování mnoství položek skladu
02.10.19 - 17:23:56 # Dotazování celkové ceny obejednávky s daní
02.10.19 - 17:23:56 # Zjišťování mnoství položek skladu
02.10.19 - 17:23:57 # Zjišťování mnoství položek skladu
02.10.19 - 17:23:57 # Zjišťování mnoství položek skladu
02.10.19 - 17:23:57 # Zjišťování mnoství položek skladu
02.10.19 - 17:23:57 # Zjišťování mnoství položek skladu
02.10.19 - 17:23:57 # Zjišťování mnoství položek skladu
02.10.19 - 17:23:57 # Zjišťování mnoství položek skladu
02.10.19 - 17:23:57 # Zjišťování mnoství položek skladu
02.10.19 - 17:23:57 # Zjišťování mnoství položek skladu
02.10.19 - 17:23:58 # Dotazování celkové ceny obejednávky s daní
02.10.19 - 17:23:58 # Zjišťování mnoství položek skladu
02.10.19 - 17:23:58 # Zjišťování mnoství položek skladu
02.10.19 - 17:23:58 # Zjišťování mnoství položek skladu
02.10.19 - 17:23:58 # Zjišťování mnoství položek skladu
02.10.19 - 17:23:58 # Zjišťování mnoství položek skladu
02.10.19 - 17:23:58 # Zjišťování mnoství položek skladu
02.10.19 - 17:23:58 # Zjišťování mnoství položek skladu
02.10.19 - 17:23:59 # Dotazování celkové ceny obejednávky s daní
02.10.19 - 17:23:59 # Zjišťování mnoství položek skladu
02.10.19 - 17:23:59 # Zjišťování mnoství položek skladu
02.10.19 - 17:23:59 # Zjišťování mnoství položek skladu
02.10.19 - 17:24:00 # Dotazování celkové ceny obejednávky s daní
02.10.19 - 17:24:01 # Dotazování celkové ceny obejednávky s daní
02.10.19 - 17:24:01 # Destrukce objektu controler
