03.10.19 - 09:55:29 # Inicializace jádra...
03.10.19 - 09:55:29 # Vlákno pro sledování připojení k serverovému počítači vytvořeno.
03.10.19 - 09:55:30 # Zjišťování mnoství položek skladu
03.10.19 - 09:55:30 # Dotazování na jméno položky s ID: 1
03.10.19 - 09:55:30 # Dotazování na skladové množství položky s ID: 1
03.10.19 - 09:55:31 # Dotazování celkové ceny obejednávky s daní
03.10.19 - 09:55:32 # Dotazování celkové ceny obejednávky s daní
03.10.19 - 09:55:33 # Dotazování celkové ceny obejednávky s daní
03.10.19 - 09:55:34 # Dotazování celkové ceny obejednávky s daní
03.10.19 - 09:55:35 # Dotazování celkové ceny obejednávky s daní
03.10.19 - 09:55:36 # Dotazování celkové ceny obejednávky s daní
03.10.19 - 09:55:37 # Dotazování celkové ceny obejednávky s daní
03.10.19 - 09:55:38 # Dotazování celkové ceny obejednávky s daní
03.10.19 - 09:55:39 # Dotazování celkové ceny obejednávky s daní
03.10.19 - 09:55:40 # Dotazování celkové ceny obejednávky s daní
03.10.19 - 09:55:41 # Dotazování celkové ceny obejednávky s daní
03.10.19 - 09:55:42 # Dotazování celkové ceny obejednávky s daní
03.10.19 - 09:55:43 # Dotazování celkové ceny obejednávky s daní
03.10.19 - 09:55:44 # Dotazování celkové ceny obejednávky s daní
03.10.19 - 09:55:45 # Dotazování celkové ceny obejednávky s daní
03.10.19 - 09:55:46 # Dotazování celkové ceny obejednávky s daní
03.10.19 - 09:55:47 # Dotazování celkové ceny obejednávky s daní
03.10.19 - 09:55:48 # Dotazování celkové ceny obejednávky s daní
03.10.19 - 09:55:49 # Dotazování celkové ceny obejednávky s daní
03.10.19 - 09:55:50 # Dotazování celkové ceny obejednávky s daní
03.10.19 - 09:55:51 # Dotazování celkové ceny obejednávky s daní
03.10.19 - 09:55:52 # Dotazování celkové ceny obejednávky s daní
03.10.19 - 09:55:53 # Dotazování celkové ceny obejednávky s daní
03.10.19 - 09:55:54 # Dotazování celkové ceny obejednávky s daní
03.10.19 - 09:55:55 # Dotazování celkové ceny obejednávky s daní
03.10.19 - 09:55:56 # Dotazování celkové ceny obejednávky s daní
03.10.19 - 09:55:57 # Dotazování celkové ceny obejednávky s daní
03.10.19 - 09:55:58 # Dotazování celkové ceny obejednávky s daní
03.10.19 - 09:55:59 # Dotazování celkové ceny obejednávky s daní
03.10.19 - 09:56:00 # Dotazování celkové ceny obejednávky s daní
03.10.19 - 09:56:01 # Dotazování celkové ceny obejednávky s daní
03.10.19 - 09:56:02 # Dotazování celkové ceny obejednávky s daní
03.10.19 - 09:56:03 # Dotazování celkové ceny obejednávky s daní
03.10.19 - 09:56:04 # Dotazování celkové ceny obejednávky s daní
03.10.19 - 09:56:05 # Dotazování celkové ceny obejednávky s daní
03.10.19 - 09:56:06 # Dotazování celkové ceny obejednávky s daní
03.10.19 - 09:56:07 # Dotazování celkové ceny obejednávky s daní
03.10.19 - 09:56:08 # Dotazování celkové ceny obejednávky s daní
03.10.19 - 09:56:09 # Dotazování celkové ceny obejednávky s daní
03.10.19 - 09:56:10 # Dotazování celkové ceny obejednávky s daní
03.10.19 - 09:56:11 # Dotazování celkové ceny obejednávky s daní
03.10.19 - 09:56:12 # Dotazování celkové ceny obejednávky s daní
03.10.19 - 09:56:13 # Dotazování celkové ceny obejednávky s daní
03.10.19 - 09:56:14 # Dotazování celkové ceny obejednávky s daní
03.10.19 - 09:56:15 # Dotazování celkové ceny obejednávky s daní
03.10.19 - 09:56:16 # Dotazování celkové ceny obejednávky s daní
03.10.19 - 09:56:17 # Dotazování celkové ceny obejednávky s daní
03.10.19 - 09:56:18 # Dotazování celkové ceny obejednávky s daní
03.10.19 - 09:56:19 # Dotazování celkové ceny obejednávky s daní
03.10.19 - 09:56:20 # Dotazování celkové ceny obejednávky s daní
03.10.19 - 09:56:21 # Dotazování celkové ceny obejednávky s daní
03.10.19 - 09:56:22 # Dotazování celkové ceny obejednávky s daní
03.10.19 - 09:56:23 # Dotazování celkové ceny obejednávky s daní
03.10.19 - 09:56:24 # Dotazování celkové ceny obejednávky s daní
03.10.19 - 09:56:24 # Zjišťování mnoství položek skladu
03.10.19 - 09:56:24 # Dotazování na jméno položky s ID: 1
03.10.19 - 09:56:24 # Dotazování na skladové množství položky s ID: 1
03.10.19 - 09:56:25 # Dotazování celkové ceny obejednávky s daní
03.10.19 - 09:56:26 # Dotazování celkové ceny obejednávky s daní
03.10.19 - 09:56:27 # Dotazování celkové ceny obejednávky s daní
03.10.19 - 09:56:28 # Dotazování celkové ceny obejednávky s daní
03.10.19 - 09:56:29 # Dotazování celkové ceny obejednávky s daní
03.10.19 - 09:56:30 # Dotazování celkové ceny obejednávky s daní
03.10.19 - 09:56:31 # Dotazování celkové ceny obejednávky s daní
03.10.19 - 09:56:32 # Dotazování celkové ceny obejednávky s daní
03.10.19 - 09:56:33 # Dotazování celkové ceny obejednávky s daní
03.10.19 - 09:56:34 # Dotazování celkové ceny obejednávky s daní
03.10.19 - 09:56:35 # Dotazování celkové ceny obejednávky s daní
03.10.19 - 09:56:36 # Vložena nová položka do nákupního seznamu is ID: 1
03.10.19 - 09:56:36 # Kontrola existence položky v databázi s ID: 1
03.10.19 - 09:56:36 # Zjišťování skladových zásob u položky s ID: 1
03.10.19 - 09:56:36 # Dotazování na skladové množství položky s ID: 1
03.10.19 - 09:56:36 # Dotazování na jméno položky s ID: 1
03.10.19 - 09:56:36 # Dotazování na zrácené jméno položky s ID: 1
03.10.19 - 09:56:36 # Dotazování na cenu položy s ID: 1
03.10.19 - 09:56:36 # Dotazování na velikost daně u položky s ID: 1
03.10.19 - 09:56:36 # Dotazování na skladové množství položky s ID: 1
03.10.19 - 09:56:36 # Nastavení nové skladové zásoby: 84, u položky s ID: 1
03.10.19 - 09:56:36 # Dotazování celkové ceny obejednávky s daní
03.10.19 - 09:56:37 # Dotazování celkové ceny obejednávky s daní
03.10.19 - 09:56:38 # Dotazování celkové ceny obejednávky s daní
03.10.19 - 09:56:39 # Dotazování celkové ceny obejednávky s daní
03.10.19 - 09:56:40 # Dotazování celkové ceny obejednávky s daní
03.10.19 - 09:56:41 # Dotazování celkové ceny obejednávky s daní
03.10.19 - 09:56:41 # Vyprázdnění nákupního košíku a zrušení objednávky
03.10.19 - 09:56:41 # Dotazování na skladové množství položky s ID: 1
03.10.19 - 09:56:41 # Nastavení nové skladové zásoby: 85, u položky s ID: 1
03.10.19 - 09:56:42 # Dotazování celkové ceny obejednávky s daní
03.10.19 - 09:56:43 # Dotazování celkové ceny obejednávky s daní
03.10.19 - 09:56:44 # Dotazování celkové ceny obejednávky s daní
03.10.19 - 09:56:45 # Dotazování celkové ceny obejednávky s daní
03.10.19 - 09:56:46 # Dotazování celkové ceny obejednávky s daní
03.10.19 - 09:56:47 # Destrukce objektu controler
