03.10.19 - 10:28:12 # Inicializace jádra...
03.10.19 - 10:28:12 # Vlákno pro sledování připojení k serverovému počítači vytvořeno.
03.10.19 - 10:28:13 # Zjišťování mnoství položek skladu
03.10.19 - 10:28:13 # Dotazování na jméno položky s ID: 1
03.10.19 - 10:28:13 # Dotazování na skladové množství položky s ID: 1
03.10.19 - 10:28:14 # Dotazování celkové ceny obejednávky s daní
03.10.19 - 10:28:15 # Dotazování celkové ceny obejednávky s daní
03.10.19 - 10:28:16 # Dotazování celkové ceny obejednávky s daní
03.10.19 - 10:28:17 # Dotazování celkové ceny obejednávky s daní
03.10.19 - 10:28:18 # Dotazování celkové ceny obejednávky s daní
03.10.19 - 10:28:19 # Dotazování celkové ceny obejednávky s daní
03.10.19 - 10:28:20 # Dotazování celkové ceny obejednávky s daní
03.10.19 - 10:28:21 # Dotazování celkové ceny obejednávky s daní
03.10.19 - 10:28:22 # Dotazování celkové ceny obejednávky s daní
03.10.19 - 10:28:23 # Dotazování celkové ceny obejednávky s daní
03.10.19 - 10:28:24 # Dotazování celkové ceny obejednávky s daní
03.10.19 - 10:28:25 # Dotazování celkové ceny obejednávky s daní
03.10.19 - 10:28:26 # Dotazování celkové ceny obejednávky s daní
03.10.19 - 10:28:27 # Dotazování celkové ceny obejednávky s daní
03.10.19 - 10:28:28 # Dotazování celkové ceny obejednávky s daní
03.10.19 - 10:28:29 # Dotazování celkové ceny obejednávky s daní
03.10.19 - 10:28:30 # Destrukce objektu controler
