03.10.19 - 07:44:25 # Inicializace jádra...
03.10.19 - 07:44:25 # Vlákno pro sledování připojení k serverovému počítači vytvořeno.
03.10.19 - 07:44:26 # Zjišťování mnoství položek skladu
03.10.19 - 07:44:26 # Dotazování na jméno položky s ID: 1
03.10.19 - 07:44:26 # Dotazování na skladové množství položky s ID: 1
03.10.19 - 07:44:27 # Dotazování celkové ceny obejednávky s daní
03.10.19 - 07:44:28 # Dotazování celkové ceny obejednávky s daní
03.10.19 - 07:44:29 # Dotazování celkové ceny obejednávky s daní
03.10.19 - 07:44:30 # Dotazování celkové ceny obejednávky s daní
03.10.19 - 07:44:31 # Dotazování celkové ceny obejednávky s daní
03.10.19 - 07:44:32 # Dotazování celkové ceny obejednávky s daní
03.10.19 - 07:44:33 # Dotazování celkové ceny obejednávky s daní
03.10.19 - 07:44:34 # Dotazování celkové ceny obejednávky s daní
03.10.19 - 07:44:35 # Dotazování celkové ceny obejednávky s daní
03.10.19 - 07:44:36 # Dotazování celkové ceny obejednávky s daní
03.10.19 - 07:44:37 # Dotazování celkové ceny obejednávky s daní
03.10.19 - 07:44:38 # Dotazování celkové ceny obejednávky s daní
03.10.19 - 07:44:39 # Dotazování celkové ceny obejednávky s daní
03.10.19 - 07:44:40 # Dotazování celkové ceny obejednávky s daní
03.10.19 - 07:44:41 # Dotazování celkové ceny obejednávky s daní
03.10.19 - 07:44:42 # Dotazování celkové ceny obejednávky s daní
03.10.19 - 07:44:42 # Destrukce objektu controler
