03.10.19 - 10:42:01 # Inicializace jádra...
03.10.19 - 10:42:01 # Vlákno pro sledování připojení k serverovému počítači vytvořeno.
03.10.19 - 10:42:01 # Zjišťování mnoství položek skladu
03.10.19 - 10:42:01 # Dotazování na jméno položky s ID: 1
03.10.19 - 10:42:01 # Dotazování na skladové množství položky s ID: 1
03.10.19 - 10:42:02 # Dotazování celkové ceny obejednávky s daní
03.10.19 - 10:42:03 # Dotazování celkové ceny obejednávky s daní
03.10.19 - 10:42:04 # Dotazování celkové ceny obejednávky s daní
03.10.19 - 10:42:05 # Dotazování celkové ceny obejednávky s daní
03.10.19 - 10:42:06 # Dotazování celkové ceny obejednávky s daní
03.10.19 - 10:42:07 # Dotazování celkové ceny obejednávky s daní
03.10.19 - 10:42:08 # Dotazování celkové ceny obejednávky s daní
03.10.19 - 10:42:09 # Dotazování celkové ceny obejednávky s daní
03.10.19 - 10:42:10 # Dotazování celkové ceny obejednávky s daní
03.10.19 - 10:42:11 # Dotazování celkové ceny obejednávky s daní
03.10.19 - 10:42:12 # Dotazování celkové ceny obejednávky s daní
03.10.19 - 10:42:13 # Dotazování celkové ceny obejednávky s daní
03.10.19 - 10:42:14 # Dotazování celkové ceny obejednávky s daní
03.10.19 - 10:42:15 # Dotazování celkové ceny obejednávky s daní
03.10.19 - 10:42:16 # Dotazování celkové ceny obejednávky s daní
03.10.19 - 10:42:17 # Dotazování celkové ceny obejednávky s daní
03.10.19 - 10:42:18 # Dotazování celkové ceny obejednávky s daní
03.10.19 - 10:42:19 # Dotazování celkové ceny obejednávky s daní
03.10.19 - 10:42:20 # Dotazování celkové ceny obejednávky s daní
03.10.19 - 10:42:21 # Dotazování celkové ceny obejednávky s daní
03.10.19 - 10:42:23 # Dotazování celkové ceny obejednávky s daní
03.10.19 - 10:42:24 # Dotazování celkové ceny obejednávky s daní
03.10.19 - 10:42:25 # Dotazování celkové ceny obejednávky s daní
03.10.19 - 10:42:26 # Dotazování celkové ceny obejednávky s daní
03.10.19 - 10:42:27 # Dotazování celkové ceny obejednávky s daní
03.10.19 - 10:42:28 # Dotazování celkové ceny obejednávky s daní
03.10.19 - 10:42:29 # Dotazování celkové ceny obejednávky s daní
03.10.19 - 10:42:30 # Dotazování celkové ceny obejednávky s daní
03.10.19 - 10:42:31 # Dotazování celkové ceny obejednávky s daní
03.10.19 - 10:42:32 # Dotazování celkové ceny obejednávky s daní
03.10.19 - 10:42:33 # Dotazování celkové ceny obejednávky s daní
03.10.19 - 10:42:34 # Dotazování celkové ceny obejednávky s daní
03.10.19 - 10:42:35 # Dotazování celkové ceny obejednávky s daní
03.10.19 - 10:42:36 # Dotazování celkové ceny obejednávky s daní
03.10.19 - 10:42:37 # Dotazování celkové ceny obejednávky s daní
03.10.19 - 10:42:38 # Dotazování celkové ceny obejednávky s daní
03.10.19 - 10:42:39 # Dotazování celkové ceny obejednávky s daní
03.10.19 - 10:42:40 # Dotazování celkové ceny obejednávky s daní
03.10.19 - 10:42:41 # Dotazování celkové ceny obejednávky s daní
03.10.19 - 10:42:42 # Dotazování celkové ceny obejednávky s daní
03.10.19 - 10:42:43 # Dotazování celkové ceny obejednávky s daní
03.10.19 - 10:42:44 # Dotazování celkové ceny obejednávky s daní
03.10.19 - 10:42:45 # Dotazování celkové ceny obejednávky s daní
03.10.19 - 10:42:46 # Dotazování celkové ceny obejednávky s daní
03.10.19 - 10:42:47 # Dotazování celkové ceny obejednávky s daní
03.10.19 - 10:42:48 # Dotazování celkové ceny obejednávky s daní
03.10.19 - 10:42:49 # Dotazování celkové ceny obejednávky s daní
03.10.19 - 10:42:50 # Dotazování celkové ceny obejednávky s daní
03.10.19 - 10:42:51 # Dotazování celkové ceny obejednávky s daní
03.10.19 - 10:42:52 # Dotazování celkové ceny obejednávky s daní
03.10.19 - 10:42:53 # Dotazování celkové ceny obejednávky s daní
03.10.19 - 10:42:54 # Dotazování celkové ceny obejednávky s daní
03.10.19 - 10:42:55 # Dotazování celkové ceny obejednávky s daní
03.10.19 - 10:42:56 # Dotazování celkové ceny obejednávky s daní
03.10.19 - 10:42:57 # Dotazování celkové ceny obejednávky s daní
03.10.19 - 10:42:58 # Dotazování celkové ceny obejednávky s daní
03.10.19 - 10:42:59 # Dotazování celkové ceny obejednávky s daní
03.10.19 - 10:43:00 # Dotazování celkové ceny obejednávky s daní
03.10.19 - 10:43:01 # Dotazování celkové ceny obejednávky s daní
03.10.19 - 10:43:02 # Dotazování celkové ceny obejednávky s daní
03.10.19 - 10:43:03 # Dotazování celkové ceny obejednávky s daní
03.10.19 - 10:43:04 # Dotazování celkové ceny obejednávky s daní
03.10.19 - 10:43:05 # Dotazování celkové ceny obejednávky s daní
03.10.19 - 10:43:06 # Dotazování celkové ceny obejednávky s daní
03.10.19 - 10:43:07 # Dotazování celkové ceny obejednávky s daní
03.10.19 - 10:43:08 # Dotazování celkové ceny obejednávky s daní
03.10.19 - 10:43:09 # Dotazování celkové ceny obejednávky s daní
03.10.19 - 10:43:10 # Dotazování celkové ceny obejednávky s daní
03.10.19 - 10:43:11 # Dotazování celkové ceny obejednávky s daní
03.10.19 - 10:43:12 # Dotazování celkové ceny obejednávky s daní
03.10.19 - 10:43:13 # Dotazování celkové ceny obejednávky s daní
03.10.19 - 10:43:14 # Dotazování celkové ceny obejednávky s daní
03.10.19 - 10:43:15 # Dotazování celkové ceny obejednávky s daní
03.10.19 - 10:43:16 # Dotazování celkové ceny obejednávky s daní
03.10.19 - 10:43:17 # Dotazování celkové ceny obejednávky s daní
03.10.19 - 10:43:18 # Dotazování celkové ceny obejednávky s daní
03.10.19 - 10:43:19 # Dotazování celkové ceny obejednávky s daní
03.10.19 - 10:43:20 # Dotazování celkové ceny obejednávky s daní
03.10.19 - 10:43:21 # Dotazování celkové ceny obejednávky s daní
03.10.19 - 10:43:22 # Dotazování celkové ceny obejednávky s daní
03.10.19 - 10:43:23 # Dotazování celkové ceny obejednávky s daní
03.10.19 - 10:43:24 # Dotazování celkové ceny obejednávky s daní
03.10.19 - 10:43:25 # Dotazování celkové ceny obejednávky s daní
03.10.19 - 10:43:26 # Dotazování celkové ceny obejednávky s daní
03.10.19 - 10:43:27 # Dotazování celkové ceny obejednávky s daní
03.10.19 - 10:43:28 # Dotazování celkové ceny obejednávky s daní
03.10.19 - 10:43:29 # Dotazování celkové ceny obejednávky s daní
03.10.19 - 10:43:30 # Dotazování celkové ceny obejednávky s daní
03.10.19 - 10:43:31 # Dotazování celkové ceny obejednávky s daní
03.10.19 - 10:43:32 # Dotazování celkové ceny obejednávky s daní
03.10.19 - 10:43:33 # Dotazování celkové ceny obejednávky s daní
03.10.19 - 10:43:34 # Dotazování celkové ceny obejednávky s daní
03.10.19 - 10:43:35 # Dotazování celkové ceny obejednávky s daní
03.10.19 - 10:43:36 # Dotazování celkové ceny obejednávky s daní
03.10.19 - 10:43:37 # Dotazování celkové ceny obejednávky s daní
03.10.19 - 10:43:38 # Dotazování celkové ceny obejednávky s daní
03.10.19 - 10:43:39 # Dotazování celkové ceny obejednávky s daní
03.10.19 - 10:43:40 # Dotazování celkové ceny obejednávky s daní
03.10.19 - 10:43:41 # Dotazování celkové ceny obejednávky s daní
03.10.19 - 10:43:42 # Dotazování celkové ceny obejednávky s daní
03.10.19 - 10:43:43 # Dotazování celkové ceny obejednávky s daní
03.10.19 - 10:43:44 # Dotazování celkové ceny obejednávky s daní
03.10.19 - 10:43:45 # Dotazování celkové ceny obejednávky s daní
03.10.19 - 10:43:46 # Dotazování celkové ceny obejednávky s daní
03.10.19 - 10:43:47 # Dotazování celkové ceny obejednávky s daní
03.10.19 - 10:43:48 # Dotazování celkové ceny obejednávky s daní
03.10.19 - 10:43:49 # Dotazování celkové ceny obejednávky s daní
03.10.19 - 10:43:50 # Dotazování celkové ceny obejednávky s daní
03.10.19 - 10:43:51 # Dotazování celkové ceny obejednávky s daní
03.10.19 - 10:43:52 # Dotazování celkové ceny obejednávky s daní
03.10.19 - 10:43:53 # Dotazování celkové ceny obejednávky s daní
03.10.19 - 10:43:54 # Dotazování celkové ceny obejednávky s daní
03.10.19 - 10:43:55 # Dotazování celkové ceny obejednávky s daní
03.10.19 - 10:43:56 # Dotazování celkové ceny obejednávky s daní
03.10.19 - 10:43:57 # Dotazování celkové ceny obejednávky s daní
03.10.19 - 10:43:58 # Dotazování celkové ceny obejednávky s daní
03.10.19 - 10:43:59 # Dotazování celkové ceny obejednávky s daní
03.10.19 - 10:44:00 # Dotazování celkové ceny obejednávky s daní
03.10.19 - 10:44:01 # Dotazování celkové ceny obejednávky s daní
03.10.19 - 10:44:02 # Dotazování celkové ceny obejednávky s daní
03.10.19 - 10:44:03 # Dotazování celkové ceny obejednávky s daní
03.10.19 - 10:44:04 # Dotazování celkové ceny obejednávky s daní
03.10.19 - 10:44:05 # Dotazování celkové ceny obejednávky s daní
03.10.19 - 10:44:06 # Dotazování celkové ceny obejednávky s daní
03.10.19 - 10:44:07 # Dotazování celkové ceny obejednávky s daní
03.10.19 - 10:44:07 # Destrukce objektu controler
