03.10.19 - 10:44:11 # Inicializace jádra...
03.10.19 - 10:44:11 # Vlákno pro sledování připojení k serverovému počítači vytvořeno.
03.10.19 - 10:44:12 # Zjišťování mnoství položek skladu
03.10.19 - 10:44:12 # Dotazování na jméno položky s ID: 1
03.10.19 - 10:44:12 # Dotazování na skladové množství položky s ID: 1
03.10.19 - 10:44:13 # Dotazování celkové ceny obejednávky s daní
03.10.19 - 10:44:14 # Dotazování celkové ceny obejednávky s daní
03.10.19 - 10:44:15 # Dotazování celkové ceny obejednávky s daní
03.10.19 - 10:44:16 # Dotazování celkové ceny obejednávky s daní
03.10.19 - 10:44:17 # Dotazování celkové ceny obejednávky s daní
03.10.19 - 10:44:18 # Dotazování celkové ceny obejednávky s daní
03.10.19 - 10:44:19 # Dotazování celkové ceny obejednávky s daní
03.10.19 - 10:44:20 # Dotazování celkové ceny obejednávky s daní
03.10.19 - 10:44:21 # Dotazování celkové ceny obejednávky s daní
03.10.19 - 10:44:22 # Dotazování celkové ceny obejednávky s daní
03.10.19 - 10:44:23 # Dotazování celkové ceny obejednávky s daní
03.10.19 - 10:44:24 # Dotazování celkové ceny obejednávky s daní
03.10.19 - 10:44:25 # Dotazování celkové ceny obejednávky s daní
03.10.19 - 10:44:26 # Dotazování celkové ceny obejednávky s daní
03.10.19 - 10:44:27 # Dotazování celkové ceny obejednávky s daní
03.10.19 - 10:44:28 # Dotazování celkové ceny obejednávky s daní
03.10.19 - 10:44:29 # Dotazování celkové ceny obejednávky s daní
03.10.19 - 10:44:30 # Dotazování celkové ceny obejednávky s daní
03.10.19 - 10:44:31 # Dotazování celkové ceny obejednávky s daní
03.10.19 - 10:44:32 # Dotazování celkové ceny obejednávky s daní
03.10.19 - 10:44:33 # Dotazování celkové ceny obejednávky s daní
03.10.19 - 10:44:34 # Dotazování celkové ceny obejednávky s daní
03.10.19 - 10:44:35 # Dotazování celkové ceny obejednávky s daní
03.10.19 - 10:44:36 # Dotazování celkové ceny obejednávky s daní
03.10.19 - 10:44:37 # Dotazování celkové ceny obejednávky s daní
03.10.19 - 10:44:38 # Dotazování celkové ceny obejednávky s daní
03.10.19 - 10:44:39 # Dotazování celkové ceny obejednávky s daní
03.10.19 - 10:44:40 # Dotazování celkové ceny obejednávky s daní
03.10.19 - 10:44:41 # Dotazování celkové ceny obejednávky s daní
03.10.19 - 10:44:42 # Dotazování celkové ceny obejednávky s daní
03.10.19 - 10:44:43 # Dotazování celkové ceny obejednávky s daní
03.10.19 - 10:44:44 # Dotazování celkové ceny obejednávky s daní
03.10.19 - 10:44:45 # Dotazování celkové ceny obejednávky s daní
03.10.19 - 10:44:46 # Dotazování celkové ceny obejednávky s daní
03.10.19 - 10:44:47 # Dotazování celkové ceny obejednávky s daní
03.10.19 - 10:44:48 # Dotazování celkové ceny obejednávky s daní
03.10.19 - 10:44:49 # Destrukce objektu controler
