03.10.19 - 07:32:24 # Inicializace jádra...
03.10.19 - 07:32:24 # Vlákno pro sledování připojení k serverovému počítači vytvořeno.
03.10.19 - 07:32:25 # Zjišťování mnoství položek skladu
03.10.19 - 07:32:25 # Dotazování na jméno položky s ID: 1
03.10.19 - 07:32:25 # Dotazování na skladové množství položky s ID: 1
03.10.19 - 07:32:26 # Dotazování celkové ceny obejednávky s daní
03.10.19 - 07:32:27 # Dotazování celkové ceny obejednávky s daní
03.10.19 - 07:32:28 # Dotazování celkové ceny obejednávky s daní
03.10.19 - 07:32:29 # Dotazování celkové ceny obejednávky s daní
03.10.19 - 07:32:30 # Dotazování celkové ceny obejednávky s daní
03.10.19 - 07:32:31 # Dotazování celkové ceny obejednávky s daní
03.10.19 - 07:32:32 # Dotazování celkové ceny obejednávky s daní
03.10.19 - 07:32:33 # Dotazování celkové ceny obejednávky s daní
03.10.19 - 07:32:34 # Dotazování celkové ceny obejednávky s daní
03.10.19 - 07:32:35 # Dotazování celkové ceny obejednávky s daní
03.10.19 - 07:32:36 # Dotazování celkové ceny obejednávky s daní
03.10.19 - 07:32:37 # Dotazování celkové ceny obejednávky s daní
03.10.19 - 07:32:38 # Dotazování celkové ceny obejednávky s daní
03.10.19 - 07:32:39 # Dotazování celkové ceny obejednávky s daní
03.10.19 - 07:32:40 # Dotazování celkové ceny obejednávky s daní
03.10.19 - 07:32:41 # Dotazování celkové ceny obejednávky s daní
03.10.19 - 07:32:41 # Zjišťování mnoství položek skladu
03.10.19 - 07:32:41 # Dotazování na jméno položky s ID: 1
03.10.19 - 07:32:41 # Dotazování na skladové množství položky s ID: 1
03.10.19 - 07:32:42 # Dotazování celkové ceny obejednávky s daní
03.10.19 - 07:32:43 # Dotazování celkové ceny obejednávky s daní
03.10.19 - 07:32:44 # Dotazování celkové ceny obejednávky s daní
03.10.19 - 07:32:45 # Dotazování celkové ceny obejednávky s daní
03.10.19 - 07:32:46 # Dotazování celkové ceny obejednávky s daní
03.10.19 - 07:32:47 # Dotazování celkové ceny obejednávky s daní
03.10.19 - 07:32:48 # Dotazování celkové ceny obejednávky s daní
03.10.19 - 07:32:49 # Dotazování celkové ceny obejednávky s daní
03.10.19 - 07:32:50 # Dotazování celkové ceny obejednávky s daní
03.10.19 - 07:32:51 # Dotazování celkové ceny obejednávky s daní
03.10.19 - 07:32:51 # Destrukce objektu controler
