03.10.19 - 10:23:51 # Inicializace jádra...
03.10.19 - 10:23:51 # Vlákno pro sledování připojení k serverovému počítači vytvořeno.
03.10.19 - 10:23:52 # Zjišťování mnoství položek skladu
03.10.19 - 10:23:52 # Dotazování na jméno položky s ID: 1
03.10.19 - 10:23:52 # Dotazování na skladové množství položky s ID: 1
03.10.19 - 10:23:53 # Dotazování celkové ceny obejednávky s daní
03.10.19 - 10:23:54 # Dotazování celkové ceny obejednávky s daní
03.10.19 - 10:23:55 # Dotazování celkové ceny obejednávky s daní
03.10.19 - 10:23:56 # Dotazování celkové ceny obejednávky s daní
03.10.19 - 10:23:57 # Dotazování celkové ceny obejednávky s daní
03.10.19 - 10:23:58 # Dotazování celkové ceny obejednávky s daní
03.10.19 - 10:23:59 # Dotazování celkové ceny obejednávky s daní
03.10.19 - 10:24:00 # Dotazování celkové ceny obejednávky s daní
03.10.19 - 10:24:01 # Dotazování celkové ceny obejednávky s daní
03.10.19 - 10:24:02 # Dotazování celkové ceny obejednávky s daní
03.10.19 - 10:24:03 # Dotazování celkové ceny obejednávky s daní
03.10.19 - 10:24:04 # Dotazování celkové ceny obejednávky s daní
03.10.19 - 10:24:05 # Dotazování celkové ceny obejednávky s daní
03.10.19 - 10:24:06 # Dotazování celkové ceny obejednávky s daní
03.10.19 - 10:24:07 # Dotazování celkové ceny obejednávky s daní
03.10.19 - 10:24:08 # Dotazování celkové ceny obejednávky s daní
03.10.19 - 10:24:09 # Dotazování celkové ceny obejednávky s daní
03.10.19 - 10:24:10 # Dotazování celkové ceny obejednávky s daní
03.10.19 - 10:24:11 # Dotazování celkové ceny obejednávky s daní
03.10.19 - 10:24:12 # Dotazování celkové ceny obejednávky s daní
03.10.19 - 10:24:13 # Dotazování celkové ceny obejednávky s daní
03.10.19 - 10:24:14 # Dotazování celkové ceny obejednávky s daní
03.10.19 - 10:24:15 # Dotazování celkové ceny obejednávky s daní
03.10.19 - 10:24:16 # Dotazování celkové ceny obejednávky s daní
03.10.19 - 10:24:17 # Dotazování celkové ceny obejednávky s daní
03.10.19 - 10:24:18 # Dotazování celkové ceny obejednávky s daní
03.10.19 - 10:24:19 # Dotazování celkové ceny obejednávky s daní
03.10.19 - 10:24:19 # Destrukce objektu controler
