03.10.19 - 10:38:36 # Inicializace jádra...
03.10.19 - 10:38:36 # Vlákno pro sledování připojení k serverovému počítači vytvořeno.
03.10.19 - 10:38:37 # Zjišťování mnoství položek skladu
03.10.19 - 10:38:37 # Dotazování na jméno položky s ID: 1
03.10.19 - 10:38:37 # Dotazování na skladové množství položky s ID: 1
03.10.19 - 10:38:38 # Dotazování celkové ceny obejednávky s daní
03.10.19 - 10:38:39 # Dotazování celkové ceny obejednávky s daní
03.10.19 - 10:38:40 # Dotazování celkové ceny obejednávky s daní
03.10.19 - 10:38:41 # Dotazování celkové ceny obejednávky s daní
03.10.19 - 10:38:42 # Dotazování celkové ceny obejednávky s daní
03.10.19 - 10:38:43 # Dotazování celkové ceny obejednávky s daní
03.10.19 - 10:38:44 # Dotazování celkové ceny obejednávky s daní
03.10.19 - 10:38:45 # Dotazování celkové ceny obejednávky s daní
03.10.19 - 10:38:46 # Dotazování celkové ceny obejednávky s daní
03.10.19 - 10:38:47 # Dotazování celkové ceny obejednávky s daní
03.10.19 - 10:38:48 # Dotazování celkové ceny obejednávky s daní
03.10.19 - 10:38:49 # Dotazování celkové ceny obejednávky s daní
03.10.19 - 10:38:50 # Dotazování celkové ceny obejednávky s daní
03.10.19 - 10:38:51 # Dotazování celkové ceny obejednávky s daní
03.10.19 - 10:38:52 # Dotazování celkové ceny obejednávky s daní
03.10.19 - 10:38:53 # Dotazování celkové ceny obejednávky s daní
03.10.19 - 10:38:54 # Dotazování celkové ceny obejednávky s daní
03.10.19 - 10:38:55 # Dotazování celkové ceny obejednávky s daní
03.10.19 - 10:38:56 # Dotazování celkové ceny obejednávky s daní
03.10.19 - 10:38:57 # Dotazování celkové ceny obejednávky s daní
03.10.19 - 10:38:58 # Dotazování celkové ceny obejednávky s daní
03.10.19 - 10:38:59 # Dotazování celkové ceny obejednávky s daní
03.10.19 - 10:39:00 # Dotazování celkové ceny obejednávky s daní
03.10.19 - 10:39:01 # Dotazování celkové ceny obejednávky s daní
03.10.19 - 10:39:02 # Dotazování celkové ceny obejednávky s daní
03.10.19 - 10:39:03 # Dotazování celkové ceny obejednávky s daní
03.10.19 - 10:39:04 # Dotazování celkové ceny obejednávky s daní
03.10.19 - 10:39:05 # Dotazování celkové ceny obejednávky s daní
03.10.19 - 10:39:06 # Dotazování celkové ceny obejednávky s daní
03.10.19 - 10:39:07 # Dotazování celkové ceny obejednávky s daní
03.10.19 - 10:39:08 # Dotazování celkové ceny obejednávky s daní
03.10.19 - 10:39:09 # Dotazování celkové ceny obejednávky s daní
03.10.19 - 10:39:10 # Dotazování celkové ceny obejednávky s daní
03.10.19 - 10:39:11 # Dotazování celkové ceny obejednávky s daní
03.10.19 - 10:39:12 # Dotazování celkové ceny obejednávky s daní
03.10.19 - 10:39:13 # Dotazování celkové ceny obejednávky s daní
03.10.19 - 10:39:14 # Dotazování celkové ceny obejednávky s daní
03.10.19 - 10:39:15 # Dotazování celkové ceny obejednávky s daní
03.10.19 - 10:39:16 # Dotazování celkové ceny obejednávky s daní
03.10.19 - 10:39:17 # Dotazování celkové ceny obejednávky s daní
03.10.19 - 10:39:18 # Dotazování celkové ceny obejednávky s daní
03.10.19 - 10:39:19 # Dotazování celkové ceny obejednávky s daní
03.10.19 - 10:39:20 # Dotazování celkové ceny obejednávky s daní
03.10.19 - 10:39:21 # Dotazování celkové ceny obejednávky s daní
03.10.19 - 10:39:22 # Dotazování celkové ceny obejednávky s daní
03.10.19 - 10:39:23 # Dotazování celkové ceny obejednávky s daní
03.10.19 - 10:39:24 # Dotazování celkové ceny obejednávky s daní
03.10.19 - 10:39:25 # Dotazování celkové ceny obejednávky s daní
03.10.19 - 10:39:26 # Dotazování celkové ceny obejednávky s daní
03.10.19 - 10:39:27 # Dotazování celkové ceny obejednávky s daní
03.10.19 - 10:39:28 # Dotazování celkové ceny obejednávky s daní
03.10.19 - 10:39:29 # Dotazování celkové ceny obejednávky s daní
03.10.19 - 10:39:30 # Dotazování celkové ceny obejednávky s daní
03.10.19 - 10:39:31 # Dotazování celkové ceny obejednávky s daní
03.10.19 - 10:39:32 # Dotazování celkové ceny obejednávky s daní
03.10.19 - 10:39:33 # Dotazování celkové ceny obejednávky s daní
03.10.19 - 10:39:34 # Dotazování celkové ceny obejednávky s daní
03.10.19 - 10:39:35 # Dotazování celkové ceny obejednávky s daní
03.10.19 - 10:39:36 # Dotazování celkové ceny obejednávky s daní
03.10.19 - 10:39:37 # Dotazování celkové ceny obejednávky s daní
03.10.19 - 10:39:38 # Dotazování celkové ceny obejednávky s daní
03.10.19 - 10:39:39 # Dotazování celkové ceny obejednávky s daní
03.10.19 - 10:39:40 # Dotazování celkové ceny obejednávky s daní
03.10.19 - 10:39:41 # Dotazování celkové ceny obejednávky s daní
03.10.19 - 10:39:42 # Dotazování celkové ceny obejednávky s daní
03.10.19 - 10:39:43 # Dotazování celkové ceny obejednávky s daní
03.10.19 - 10:39:44 # Dotazování celkové ceny obejednávky s daní
03.10.19 - 10:39:45 # Dotazování celkové ceny obejednávky s daní
03.10.19 - 10:39:46 # Dotazování celkové ceny obejednávky s daní
03.10.19 - 10:39:47 # Dotazování celkové ceny obejednávky s daní
03.10.19 - 10:39:48 # Dotazování celkové ceny obejednávky s daní
03.10.19 - 10:39:49 # Dotazování celkové ceny obejednávky s daní
03.10.19 - 10:39:50 # Dotazování celkové ceny obejednávky s daní
03.10.19 - 10:39:51 # Dotazování celkové ceny obejednávky s daní
03.10.19 - 10:39:52 # Dotazování celkové ceny obejednávky s daní
03.10.19 - 10:39:53 # Dotazování celkové ceny obejednávky s daní
03.10.19 - 10:39:54 # Dotazování celkové ceny obejednávky s daní
03.10.19 - 10:39:55 # Dotazování celkové ceny obejednávky s daní
03.10.19 - 10:39:56 # Dotazování celkové ceny obejednávky s daní
03.10.19 - 10:39:57 # Dotazování celkové ceny obejednávky s daní
03.10.19 - 10:39:58 # Dotazování celkové ceny obejednávky s daní
03.10.19 - 10:39:59 # Dotazování celkové ceny obejednávky s daní
03.10.19 - 10:40:00 # Dotazování celkové ceny obejednávky s daní
03.10.19 - 10:40:01 # Dotazování celkové ceny obejednávky s daní
03.10.19 - 10:40:02 # Dotazování celkové ceny obejednávky s daní
03.10.19 - 10:40:03 # Dotazování celkové ceny obejednávky s daní
03.10.19 - 10:40:04 # Dotazování celkové ceny obejednávky s daní
03.10.19 - 10:40:05 # Dotazování celkové ceny obejednávky s daní
03.10.19 - 10:40:06 # Dotazování celkové ceny obejednávky s daní
03.10.19 - 10:40:07 # Dotazování celkové ceny obejednávky s daní
03.10.19 - 10:40:08 # Dotazování celkové ceny obejednávky s daní
03.10.19 - 10:40:09 # Dotazování celkové ceny obejednávky s daní
03.10.19 - 10:40:10 # Dotazování celkové ceny obejednávky s daní
03.10.19 - 10:40:11 # Dotazování celkové ceny obejednávky s daní
03.10.19 - 10:40:12 # Dotazování celkové ceny obejednávky s daní
03.10.19 - 10:40:13 # Dotazování celkové ceny obejednávky s daní
03.10.19 - 10:40:14 # Dotazování celkové ceny obejednávky s daní
03.10.19 - 10:40:15 # Dotazování celkové ceny obejednávky s daní
03.10.19 - 10:40:16 # Dotazování celkové ceny obejednávky s daní
03.10.19 - 10:40:17 # Dotazování celkové ceny obejednávky s daní
03.10.19 - 10:40:18 # Dotazování celkové ceny obejednávky s daní
03.10.19 - 10:40:19 # Dotazování celkové ceny obejednávky s daní
03.10.19 - 10:40:20 # Dotazování celkové ceny obejednávky s daní
03.10.19 - 10:40:21 # Dotazování celkové ceny obejednávky s daní
03.10.19 - 10:40:22 # Dotazování celkové ceny obejednávky s daní
03.10.19 - 10:40:23 # Dotazování celkové ceny obejednávky s daní
03.10.19 - 10:40:24 # Dotazování celkové ceny obejednávky s daní
03.10.19 - 10:40:25 # Dotazování celkové ceny obejednávky s daní
03.10.19 - 10:40:26 # Dotazování celkové ceny obejednávky s daní
03.10.19 - 10:40:27 # Dotazování celkové ceny obejednávky s daní
03.10.19 - 10:40:28 # Dotazování celkové ceny obejednávky s daní
03.10.19 - 10:40:29 # Dotazování celkové ceny obejednávky s daní
03.10.19 - 10:40:30 # Dotazování celkové ceny obejednávky s daní
03.10.19 - 10:40:30 # Destrukce objektu controler
