03.10.19 - 10:15:11 # Inicializace jádra...
03.10.19 - 10:15:11 # Vlákno pro sledování připojení k serverovému počítači vytvořeno.
03.10.19 - 10:15:12 # Zjišťování mnoství položek skladu
03.10.19 - 10:15:12 # Dotazování na jméno položky s ID: 1
03.10.19 - 10:15:12 # Dotazování na skladové množství položky s ID: 1
03.10.19 - 10:15:13 # Dotazování celkové ceny obejednávky s daní
03.10.19 - 10:15:14 # Dotazování celkové ceny obejednávky s daní
03.10.19 - 10:15:15 # Dotazování celkové ceny obejednávky s daní
03.10.19 - 10:15:16 # Dotazování celkové ceny obejednávky s daní
03.10.19 - 10:15:17 # Dotazování celkové ceny obejednávky s daní
03.10.19 - 10:15:18 # Dotazování celkové ceny obejednávky s daní
03.10.19 - 10:15:19 # Dotazování celkové ceny obejednávky s daní
03.10.19 - 10:15:20 # Dotazování celkové ceny obejednávky s daní
03.10.19 - 10:15:21 # Dotazování celkové ceny obejednávky s daní
03.10.19 - 10:15:22 # Dotazování celkové ceny obejednávky s daní
03.10.19 - 10:15:23 # Dotazování celkové ceny obejednávky s daní
03.10.19 - 10:15:24 # Dotazování celkové ceny obejednávky s daní
03.10.19 - 10:15:25 # Dotazování celkové ceny obejednávky s daní
03.10.19 - 10:15:26 # Dotazování celkové ceny obejednávky s daní
03.10.19 - 10:15:27 # Dotazování celkové ceny obejednávky s daní
03.10.19 - 10:15:28 # Dotazování celkové ceny obejednávky s daní
03.10.19 - 10:15:29 # Dotazování celkové ceny obejednávky s daní
03.10.19 - 10:15:30 # Dotazování celkové ceny obejednávky s daní
03.10.19 - 10:15:31 # Dotazování celkové ceny obejednávky s daní
03.10.19 - 10:15:32 # Dotazování celkové ceny obejednávky s daní
03.10.19 - 10:15:33 # Dotazování celkové ceny obejednávky s daní
03.10.19 - 10:15:34 # Dotazování celkové ceny obejednávky s daní
03.10.19 - 10:15:35 # Dotazování celkové ceny obejednávky s daní
03.10.19 - 10:15:36 # Dotazování celkové ceny obejednávky s daní
03.10.19 - 10:15:37 # Dotazování celkové ceny obejednávky s daní
03.10.19 - 10:15:38 # Dotazování celkové ceny obejednávky s daní
03.10.19 - 10:15:39 # Dotazování celkové ceny obejednávky s daní
03.10.19 - 10:15:40 # Dotazování celkové ceny obejednávky s daní
03.10.19 - 10:15:41 # Dotazování celkové ceny obejednávky s daní
03.10.19 - 10:15:42 # Dotazování celkové ceny obejednávky s daní
03.10.19 - 10:15:43 # Dotazování celkové ceny obejednávky s daní
03.10.19 - 10:15:44 # Dotazování celkové ceny obejednávky s daní
03.10.19 - 10:15:45 # Dotazování celkové ceny obejednávky s daní
03.10.19 - 10:15:46 # Dotazování celkové ceny obejednávky s daní
03.10.19 - 10:15:47 # Dotazování celkové ceny obejednávky s daní
03.10.19 - 10:15:48 # Dotazování celkové ceny obejednávky s daní
03.10.19 - 10:15:49 # Dotazování celkové ceny obejednávky s daní
03.10.19 - 10:15:50 # Dotazování celkové ceny obejednávky s daní
03.10.19 - 10:15:51 # Dotazování celkové ceny obejednávky s daní
03.10.19 - 10:15:52 # Dotazování celkové ceny obejednávky s daní
03.10.19 - 10:15:53 # Dotazování celkové ceny obejednávky s daní
03.10.19 - 10:15:54 # Dotazování celkové ceny obejednávky s daní
03.10.19 - 10:15:55 # Dotazování celkové ceny obejednávky s daní
03.10.19 - 10:15:56 # Dotazování celkové ceny obejednávky s daní
03.10.19 - 10:15:57 # Dotazování celkové ceny obejednávky s daní
03.10.19 - 10:15:58 # Dotazování celkové ceny obejednávky s daní
03.10.19 - 10:15:59 # Dotazování celkové ceny obejednávky s daní
03.10.19 - 10:16:00 # Dotazování celkové ceny obejednávky s daní
03.10.19 - 10:16:01 # Dotazování celkové ceny obejednávky s daní
03.10.19 - 10:16:02 # Dotazování celkové ceny obejednávky s daní
03.10.19 - 10:16:02 # Destrukce objektu controler
