03.10.19 - 10:22:25 # Inicializace jádra...
03.10.19 - 10:22:25 # Vlákno pro sledování připojení k serverovému počítači vytvořeno.
03.10.19 - 10:22:26 # Zjišťování mnoství položek skladu
03.10.19 - 10:22:26 # Dotazování na jméno položky s ID: 1
03.10.19 - 10:22:26 # Dotazování na skladové množství položky s ID: 1
03.10.19 - 10:22:27 # Dotazování celkové ceny obejednávky s daní
03.10.19 - 10:22:28 # Dotazování celkové ceny obejednávky s daní
03.10.19 - 10:22:29 # Dotazování celkové ceny obejednávky s daní
03.10.19 - 10:22:30 # Dotazování celkové ceny obejednávky s daní
03.10.19 - 10:22:31 # Dotazování celkové ceny obejednávky s daní
03.10.19 - 10:22:32 # Dotazování celkové ceny obejednávky s daní
03.10.19 - 10:22:33 # Dotazování celkové ceny obejednávky s daní
03.10.19 - 10:22:34 # Dotazování celkové ceny obejednávky s daní
03.10.19 - 10:22:35 # Dotazování celkové ceny obejednávky s daní
03.10.19 - 10:22:36 # Dotazování celkové ceny obejednávky s daní
03.10.19 - 10:22:37 # Dotazování celkové ceny obejednávky s daní
03.10.19 - 10:22:38 # Dotazování celkové ceny obejednávky s daní
03.10.19 - 10:22:39 # Dotazování celkové ceny obejednávky s daní
03.10.19 - 10:22:40 # Dotazování celkové ceny obejednávky s daní
03.10.19 - 10:22:41 # Dotazování celkové ceny obejednávky s daní
03.10.19 - 10:22:42 # Dotazování celkové ceny obejednávky s daní
03.10.19 - 10:22:43 # Dotazování celkové ceny obejednávky s daní
03.10.19 - 10:22:44 # Dotazování celkové ceny obejednávky s daní
03.10.19 - 10:22:45 # Dotazování celkové ceny obejednávky s daní
03.10.19 - 10:22:46 # Dotazování celkové ceny obejednávky s daní
03.10.19 - 10:22:47 # Dotazování celkové ceny obejednávky s daní
03.10.19 - 10:22:48 # Dotazování celkové ceny obejednávky s daní
03.10.19 - 10:22:49 # Dotazování celkové ceny obejednávky s daní
03.10.19 - 10:22:50 # Dotazování celkové ceny obejednávky s daní
03.10.19 - 10:22:51 # Dotazování celkové ceny obejednávky s daní
03.10.19 - 10:22:51 # Destrukce objektu controler
