03.10.19 - 10:16:39 # Inicializace jádra...
03.10.19 - 10:16:39 # Vlákno pro sledování připojení k serverovému počítači vytvořeno.
03.10.19 - 10:16:40 # Zjišťování mnoství položek skladu
03.10.19 - 10:16:40 # Dotazování na jméno položky s ID: 1
03.10.19 - 10:16:40 # Dotazování na skladové množství položky s ID: 1
03.10.19 - 10:16:41 # Dotazování celkové ceny obejednávky s daní
03.10.19 - 10:16:42 # Dotazování celkové ceny obejednávky s daní
03.10.19 - 10:16:43 # Dotazování celkové ceny obejednávky s daní
03.10.19 - 10:16:44 # Dotazování celkové ceny obejednávky s daní
03.10.19 - 10:16:45 # Dotazování celkové ceny obejednávky s daní
03.10.19 - 10:16:46 # Dotazování celkové ceny obejednávky s daní
03.10.19 - 10:16:47 # Dotazování celkové ceny obejednávky s daní
03.10.19 - 10:16:48 # Dotazování celkové ceny obejednávky s daní
03.10.19 - 10:16:49 # Dotazování celkové ceny obejednávky s daní
03.10.19 - 10:16:50 # Dotazování celkové ceny obejednávky s daní
03.10.19 - 10:16:51 # Dotazování celkové ceny obejednávky s daní
03.10.19 - 10:16:52 # Dotazování celkové ceny obejednávky s daní
03.10.19 - 10:16:53 # Dotazování celkové ceny obejednávky s daní
03.10.19 - 10:16:54 # Dotazování celkové ceny obejednávky s daní
03.10.19 - 10:16:55 # Dotazování celkové ceny obejednávky s daní
03.10.19 - 10:16:56 # Dotazování celkové ceny obejednávky s daní
03.10.19 - 10:16:57 # Dotazování celkové ceny obejednávky s daní
03.10.19 - 10:16:58 # Dotazování celkové ceny obejednávky s daní
03.10.19 - 10:16:59 # Dotazování celkové ceny obejednávky s daní
03.10.19 - 10:17:00 # Dotazování celkové ceny obejednávky s daní
03.10.19 - 10:17:01 # Dotazování celkové ceny obejednávky s daní
03.10.19 - 10:17:02 # Dotazování celkové ceny obejednávky s daní
03.10.19 - 10:17:03 # Dotazování celkové ceny obejednávky s daní
03.10.19 - 10:17:04 # Dotazování celkové ceny obejednávky s daní
03.10.19 - 10:17:05 # Dotazování celkové ceny obejednávky s daní
03.10.19 - 10:17:06 # Dotazování celkové ceny obejednávky s daní
03.10.19 - 10:17:07 # Dotazování celkové ceny obejednávky s daní
03.10.19 - 10:17:08 # Dotazování celkové ceny obejednávky s daní
03.10.19 - 10:17:09 # Dotazování celkové ceny obejednávky s daní
03.10.19 - 10:17:10 # Dotazování celkové ceny obejednávky s daní
03.10.19 - 10:17:11 # Dotazování celkové ceny obejednávky s daní
03.10.19 - 10:17:12 # Dotazování celkové ceny obejednávky s daní
03.10.19 - 10:17:13 # Dotazování celkové ceny obejednávky s daní
03.10.19 - 10:17:14 # Dotazování celkové ceny obejednávky s daní
03.10.19 - 10:17:15 # Dotazování celkové ceny obejednávky s daní
03.10.19 - 10:17:16 # Dotazování celkové ceny obejednávky s daní
03.10.19 - 10:17:17 # Dotazování celkové ceny obejednávky s daní
03.10.19 - 10:17:19 # Dotazování celkové ceny obejednávky s daní
