02.10.19 - 08:42:01 # Inicializace jádra...
02.10.19 - 08:42:02 # Zjišťování mnoství položek skladu
02.10.19 - 08:42:02 # Zjišťování mnoství položek skladu
02.10.19 - 08:42:02 # Dotazování na jméno položky s ID: 1
02.10.19 - 08:42:02 # Dotazování na skladové množství položky s ID: 1
02.10.19 - 08:42:02 # Zjišťování mnoství položek skladu
02.10.19 - 08:42:02 # Zjišťování mnoství položek skladu
02.10.19 - 08:42:02 # Zjišťování mnoství položek skladu
02.10.19 - 08:42:02 # Zjišťování mnoství položek skladu
02.10.19 - 08:42:02 # Zjišťování mnoství položek skladu
02.10.19 - 08:42:02 # Zjišťování mnoství položek skladu
02.10.19 - 08:42:02 # Zjišťování mnoství položek skladu
02.10.19 - 08:42:02 # Zjišťování mnoství položek skladu
02.10.19 - 08:42:02 # Zjišťování mnoství položek skladu
02.10.19 - 08:42:02 # Zjišťování mnoství položek skladu
02.10.19 - 08:42:02 # Zjišťování mnoství položek skladu
02.10.19 - 08:42:02 # Zjišťování mnoství položek skladu
02.10.19 - 08:42:02 # Zjišťování mnoství položek skladu
02.10.19 - 08:42:02 # Zjišťování mnoství položek skladu
02.10.19 - 08:42:02 # Dotazování celové počtu položek v nákupním seznamu
02.10.19 - 08:42:03 # Dotazování celové počtu položek v nákupním seznamu
02.10.19 - 08:42:03 # Dotazování celové počtu položek v nákupním seznamu
02.10.19 - 08:42:03 # Dotazování celové počtu položek v nákupním seznamu
02.10.19 - 08:42:03 # Dotazování celové počtu položek v nákupním seznamu
02.10.19 - 08:42:03 # Dotazování celové počtu položek v nákupním seznamu
02.10.19 - 08:42:03 # Dotazování celové počtu položek v nákupním seznamu
02.10.19 - 08:42:03 # Dotazování celové počtu položek v nákupním seznamu
02.10.19 - 08:42:03 # Dotazování celové počtu položek v nákupním seznamu
02.10.19 - 08:42:03 # Dotazování celové počtu položek v nákupním seznamu
02.10.19 - 08:42:03 # Dotazování celové počtu položek v nákupním seznamu
02.10.19 - 08:42:03 # Dotazování celové počtu položek v nákupním seznamu
02.10.19 - 08:42:03 # Dotazování celové počtu položek v nákupním seznamu
02.10.19 - 08:42:03 # Dotazování celové počtu položek v nákupním seznamu
02.10.19 - 08:42:03 # Dotazování celové počtu položek v nákupním seznamu
02.10.19 - 08:42:03 # Dotazování celové počtu položek v nákupním seznamu
02.10.19 - 08:42:03 # Dotazování celové počtu položek v nákupním seznamu
02.10.19 - 08:42:03 # Dotazování celové počtu položek v nákupním seznamu
02.10.19 - 08:42:03 # Dotazování celové počtu položek v nákupním seznamu
02.10.19 - 08:42:03 # Dotazování celové ceny obejednávky s daní
02.10.19 - 08:42:03 # Dotazování celové počtu položek v nákupním seznamu
02.10.19 - 08:42:03 # Dotazování celové počtu položek v nákupním seznamu
02.10.19 - 08:42:03 # Dotazování celové počtu položek v nákupním seznamu
02.10.19 - 08:42:03 # Dotazování celové počtu položek v nákupním seznamu
02.10.19 - 08:42:03 # Dotazování celové počtu položek v nákupním seznamu
02.10.19 - 08:42:03 # Dotazování celové počtu položek v nákupním seznamu
02.10.19 - 08:42:03 # Dotazování celové počtu položek v nákupním seznamu
02.10.19 - 08:42:04 # Dotazování celové ceny obejednávky s daní
02.10.19 - 08:42:04 # Dotazování celové počtu položek v nákupním seznamu
02.10.19 - 08:42:05 # Dotazování celové počtu položek v nákupním seznamu
02.10.19 - 08:42:05 # Dotazování celové počtu položek v nákupním seznamu
02.10.19 - 08:42:05 # Dotazování celové počtu položek v nákupním seznamu
02.10.19 - 08:42:05 # Dotazování celové počtu položek v nákupním seznamu
02.10.19 - 08:42:05 # Dotazování celové počtu položek v nákupním seznamu
02.10.19 - 08:42:05 # Dotazování celové počtu položek v nákupním seznamu
02.10.19 - 08:42:05 # Dotazování celové ceny obejednávky s daní
02.10.19 - 08:42:05 # Dotazování celové počtu položek v nákupním seznamu
02.10.19 - 08:42:05 # Dotazování celové počtu položek v nákupním seznamu
02.10.19 - 08:42:05 # Dotazování celové počtu položek v nákupním seznamu
02.10.19 - 08:42:05 # Dotazování celové počtu položek v nákupním seznamu
02.10.19 - 08:42:05 # Dotazování celové počtu položek v nákupním seznamu
02.10.19 - 08:42:05 # Dotazování celové počtu položek v nákupním seznamu
02.10.19 - 08:42:05 # Dotazování celové počtu položek v nákupním seznamu
02.10.19 - 08:42:06 # Dotazování celové ceny obejednávky s daní
02.10.19 - 08:42:06 # Dotazování celové počtu položek v nákupním seznamu
02.10.19 - 08:42:07 # Dotazování celové počtu položek v nákupním seznamu
02.10.19 - 08:42:07 # Dotazování celové počtu položek v nákupním seznamu
02.10.19 - 08:42:07 # Dotazování celové počtu položek v nákupním seznamu
02.10.19 - 08:42:07 # Dotazování celové počtu položek v nákupním seznamu
02.10.19 - 08:42:07 # Dotazování celové počtu položek v nákupním seznamu
02.10.19 - 08:42:07 # Dotazování celové počtu položek v nákupním seznamu
02.10.19 - 08:42:07 # Dotazování celové počtu položek v nákupním seznamu
02.10.19 - 08:42:07 # Dotazování celové počtu položek v nákupním seznamu
02.10.19 - 08:42:07 # Dotazování celové počtu položek v nákupním seznamu
02.10.19 - 08:42:07 # Dotazování celové počtu položek v nákupním seznamu
02.10.19 - 08:42:07 # Dotazování celové počtu položek v nákupním seznamu
02.10.19 - 08:42:07 # Dotazování celové počtu položek v nákupním seznamu
02.10.19 - 08:42:07 # Dotazování celové počtu položek v nákupním seznamu
02.10.19 - 08:42:07 # Dotazování celové počtu položek v nákupním seznamu
02.10.19 - 08:42:07 # Dotazování celové počtu položek v nákupním seznamu
02.10.19 - 08:42:07 # Dotazování celové počtu položek v nákupním seznamu
02.10.19 - 08:42:07 # Dotazování celové počtu položek v nákupním seznamu
02.10.19 - 08:42:07 # Zjišťování mnoství položek skladu
02.10.19 - 08:42:07 # Zjišťování mnoství položek skladu
02.10.19 - 08:42:07 # Dotazování na jméno položky s ID: 1
02.10.19 - 08:42:07 # Dotazování na skladové množství položky s ID: 1
02.10.19 - 08:42:07 # Zjišťování mnoství položek skladu
02.10.19 - 08:42:07 # Zjišťování mnoství položek skladu
02.10.19 - 08:42:07 # Zjišťování mnoství položek skladu
02.10.19 - 08:42:07 # Zjišťování mnoství položek skladu
02.10.19 - 08:42:07 # Zjišťování mnoství položek skladu
02.10.19 - 08:42:07 # Zjišťování mnoství položek skladu
02.10.19 - 08:42:07 # Zjišťování mnoství položek skladu
02.10.19 - 08:42:07 # Zjišťování mnoství položek skladu
02.10.19 - 08:42:07 # Zjišťování mnoství položek skladu
02.10.19 - 08:42:07 # Zjišťování mnoství položek skladu
02.10.19 - 08:42:07 # Zjišťování mnoství položek skladu
02.10.19 - 08:42:07 # Zjišťování mnoství položek skladu
02.10.19 - 08:42:07 # Zjišťování mnoství položek skladu
02.10.19 - 08:42:07 # Zjišťování mnoství položek skladu
02.10.19 - 08:42:07 # Zjišťování mnoství položek skladu
02.10.19 - 08:42:07 # Zjišťování mnoství položek skladu
02.10.19 - 08:42:07 # Dotazování na jméno položky s ID: 1
02.10.19 - 08:42:07 # Dotazování na skladové množství položky s ID: 1
02.10.19 - 08:42:07 # Zjišťování mnoství položek skladu
02.10.19 - 08:42:07 # Zjišťování mnoství položek skladu
02.10.19 - 08:42:07 # Zjišťování mnoství položek skladu
02.10.19 - 08:42:07 # Zjišťování mnoství položek skladu
02.10.19 - 08:42:07 # Zjišťování mnoství položek skladu
02.10.19 - 08:42:07 # Zjišťování mnoství položek skladu
02.10.19 - 08:42:07 # Zjišťování mnoství položek skladu
02.10.19 - 08:42:07 # Zjišťování mnoství položek skladu
02.10.19 - 08:42:07 # Zjišťování mnoství položek skladu
02.10.19 - 08:42:07 # Zjišťování mnoství položek skladu
02.10.19 - 08:42:07 # Zjišťování mnoství položek skladu
02.10.19 - 08:42:07 # Zjišťování mnoství položek skladu
02.10.19 - 08:42:07 # Zjišťování mnoství položek skladu
02.10.19 - 08:42:07 # Zjišťování mnoství položek skladu
02.10.19 - 08:42:07 # Zjišťování mnoství položek skladu
02.10.19 - 08:42:07 # Zjišťování mnoství položek skladu
02.10.19 - 08:42:07 # Dotazování na jméno položky s ID: 1
02.10.19 - 08:42:07 # Dotazování na skladové množství položky s ID: 1
02.10.19 - 08:42:07 # Zjišťování mnoství položek skladu
02.10.19 - 08:42:07 # Zjišťování mnoství položek skladu
02.10.19 - 08:42:07 # Zjišťování mnoství položek skladu
02.10.19 - 08:42:07 # Zjišťování mnoství položek skladu
02.10.19 - 08:42:07 # Zjišťování mnoství položek skladu
02.10.19 - 08:42:07 # Zjišťování mnoství položek skladu
02.10.19 - 08:42:07 # Zjišťování mnoství položek skladu
02.10.19 - 08:42:07 # Zjišťování mnoství položek skladu
02.10.19 - 08:42:07 # Zjišťování mnoství položek skladu
02.10.19 - 08:42:07 # Zjišťování mnoství položek skladu
02.10.19 - 08:42:07 # Zjišťování mnoství položek skladu
02.10.19 - 08:42:07 # Zjišťování mnoství položek skladu
02.10.19 - 08:42:07 # Zjišťování mnoství položek skladu
02.10.19 - 08:42:07 # Zjišťování mnoství položek skladu
02.10.19 - 08:42:07 # Zjišťování mnoství položek skladu
02.10.19 - 08:42:07 # Zjišťování mnoství položek skladu
02.10.19 - 08:42:07 # Dotazování na jméno položky s ID: 1
02.10.19 - 08:42:07 # Dotazování na skladové množství položky s ID: 1
02.10.19 - 08:42:07 # Zjišťování mnoství položek skladu
02.10.19 - 08:42:07 # Zjišťování mnoství položek skladu
02.10.19 - 08:42:07 # Zjišťování mnoství položek skladu
02.10.19 - 08:42:07 # Zjišťování mnoství položek skladu
02.10.19 - 08:42:07 # Zjišťování mnoství položek skladu
02.10.19 - 08:42:07 # Zjišťování mnoství položek skladu
02.10.19 - 08:42:07 # Zjišťování mnoství položek skladu
02.10.19 - 08:42:07 # Zjišťování mnoství položek skladu
02.10.19 - 08:42:07 # Zjišťování mnoství položek skladu
02.10.19 - 08:42:07 # Zjišťování mnoství položek skladu
02.10.19 - 08:42:07 # Zjišťování mnoství položek skladu
02.10.19 - 08:42:07 # Zjišťování mnoství položek skladu
02.10.19 - 08:42:07 # Zjišťování mnoství položek skladu
02.10.19 - 08:42:07 # Zjišťování mnoství položek skladu
02.10.19 - 08:42:07 # Zjišťování mnoství položek skladu
02.10.19 - 08:42:07 # Zjišťování mnoství položek skladu
02.10.19 - 08:42:07 # Dotazování na jméno položky s ID: 1
02.10.19 - 08:42:07 # Dotazování na skladové množství položky s ID: 1
02.10.19 - 08:42:07 # Zjišťování mnoství položek skladu
02.10.19 - 08:42:07 # Zjišťování mnoství položek skladu
02.10.19 - 08:42:07 # Zjišťování mnoství položek skladu
02.10.19 - 08:42:07 # Zjišťování mnoství položek skladu
02.10.19 - 08:42:07 # Zjišťování mnoství položek skladu
02.10.19 - 08:42:07 # Zjišťování mnoství položek skladu
02.10.19 - 08:42:07 # Zjišťování mnoství položek skladu
02.10.19 - 08:42:07 # Zjišťování mnoství položek skladu
02.10.19 - 08:42:07 # Zjišťování mnoství položek skladu
02.10.19 - 08:42:07 # Zjišťování mnoství položek skladu
02.10.19 - 08:42:07 # Zjišťování mnoství položek skladu
02.10.19 - 08:42:07 # Zjišťování mnoství položek skladu
02.10.19 - 08:42:07 # Zjišťování mnoství položek skladu
02.10.19 - 08:42:07 # Zjišťování mnoství položek skladu
02.10.19 - 08:42:07 # Zjišťování mnoství položek skladu
02.10.19 - 08:42:07 # Zjišťování mnoství položek skladu
02.10.19 - 08:42:07 # Dotazování na jméno položky s ID: 1
02.10.19 - 08:42:07 # Dotazování na skladové množství položky s ID: 1
02.10.19 - 08:42:07 # Zjišťování mnoství položek skladu
02.10.19 - 08:42:07 # Zjišťování mnoství položek skladu
02.10.19 - 08:42:07 # Zjišťování mnoství položek skladu
02.10.19 - 08:42:07 # Zjišťování mnoství položek skladu
02.10.19 - 08:42:07 # Zjišťování mnoství položek skladu
02.10.19 - 08:42:07 # Zjišťování mnoství položek skladu
02.10.19 - 08:42:07 # Zjišťování mnoství položek skladu
02.10.19 - 08:42:07 # Zjišťování mnoství položek skladu
02.10.19 - 08:42:07 # Zjišťování mnoství položek skladu
02.10.19 - 08:42:07 # Zjišťování mnoství položek skladu
02.10.19 - 08:42:07 # Zjišťování mnoství položek skladu
02.10.19 - 08:42:07 # Zjišťování mnoství položek skladu
02.10.19 - 08:42:07 # Zjišťování mnoství položek skladu
02.10.19 - 08:42:07 # Zjišťování mnoství položek skladu
02.10.19 - 08:42:07 # Zjišťování mnoství položek skladu
02.10.19 - 08:42:07 # Zjišťování mnoství položek skladu
02.10.19 - 08:42:07 # Dotazování na jméno položky s ID: 1
02.10.19 - 08:42:07 # Dotazování na skladové množství položky s ID: 1
02.10.19 - 08:42:07 # Zjišťování mnoství položek skladu
02.10.19 - 08:42:07 # Zjišťování mnoství položek skladu
02.10.19 - 08:42:07 # Zjišťování mnoství položek skladu
02.10.19 - 08:42:07 # Zjišťování mnoství položek skladu
02.10.19 - 08:42:07 # Zjišťování mnoství položek skladu
02.10.19 - 08:42:07 # Zjišťování mnoství položek skladu
02.10.19 - 08:42:07 # Zjišťování mnoství položek skladu
02.10.19 - 08:42:07 # Zjišťování mnoství položek skladu
02.10.19 - 08:42:07 # Zjišťování mnoství položek skladu
02.10.19 - 08:42:07 # Zjišťování mnoství položek skladu
02.10.19 - 08:42:07 # Zjišťování mnoství položek skladu
02.10.19 - 08:42:07 # Zjišťování mnoství položek skladu
02.10.19 - 08:42:07 # Zjišťování mnoství položek skladu
02.10.19 - 08:42:07 # Zjišťování mnoství položek skladu
02.10.19 - 08:42:07 # Zjišťování mnoství položek skladu
02.10.19 - 08:42:07 # Zjišťování mnoství položek skladu
02.10.19 - 08:42:07 # Dotazování na jméno položky s ID: 1
02.10.19 - 08:42:07 # Dotazování na skladové množství položky s ID: 1
02.10.19 - 08:42:07 # Zjišťování mnoství položek skladu
02.10.19 - 08:42:07 # Zjišťování mnoství položek skladu
02.10.19 - 08:42:07 # Zjišťování mnoství položek skladu
02.10.19 - 08:42:07 # Zjišťování mnoství položek skladu
02.10.19 - 08:42:07 # Zjišťování mnoství položek skladu
02.10.19 - 08:42:07 # Zjišťování mnoství položek skladu
02.10.19 - 08:42:07 # Zjišťování mnoství položek skladu
02.10.19 - 08:42:07 # Zjišťování mnoství položek skladu
02.10.19 - 08:42:07 # Zjišťování mnoství položek skladu
02.10.19 - 08:42:07 # Zjišťování mnoství položek skladu
02.10.19 - 08:42:07 # Zjišťování mnoství položek skladu
02.10.19 - 08:42:07 # Zjišťování mnoství položek skladu
02.10.19 - 08:42:07 # Zjišťování mnoství položek skladu
02.10.19 - 08:42:07 # Zjišťování mnoství položek skladu
02.10.19 - 08:42:07 # Dotazování celové ceny obejednávky s daní
02.10.19 - 08:42:07 # Zjišťování mnoství položek skladu
02.10.19 - 08:42:07 # Zjišťování mnoství položek skladu
02.10.19 - 08:42:07 # Dotazování na jméno položky s ID: 1
02.10.19 - 08:42:07 # Dotazování na skladové množství položky s ID: 1
02.10.19 - 08:42:07 # Zjišťování mnoství položek skladu
02.10.19 - 08:42:07 # Zjišťování mnoství položek skladu
02.10.19 - 08:42:07 # Zjišťování mnoství položek skladu
02.10.19 - 08:42:07 # Zjišťování mnoství položek skladu
02.10.19 - 08:42:07 # Zjišťování mnoství položek skladu
02.10.19 - 08:42:07 # Zjišťování mnoství položek skladu
02.10.19 - 08:42:07 # Zjišťování mnoství položek skladu
02.10.19 - 08:42:07 # Zjišťování mnoství položek skladu
02.10.19 - 08:42:07 # Zjišťování mnoství položek skladu
02.10.19 - 08:42:07 # Zjišťování mnoství položek skladu
02.10.19 - 08:42:07 # Zjišťování mnoství položek skladu
02.10.19 - 08:42:07 # Zjišťování mnoství položek skladu
02.10.19 - 08:42:07 # Zjišťování mnoství položek skladu
02.10.19 - 08:42:07 # Zjišťování mnoství položek skladu
02.10.19 - 08:42:07 # Zjišťování mnoství položek skladu
02.10.19 - 08:42:07 # Zjišťování mnoství položek skladu
02.10.19 - 08:42:07 # Dotazování na jméno položky s ID: 1
02.10.19 - 08:42:07 # Dotazování na skladové množství položky s ID: 1
02.10.19 - 08:42:07 # Zjišťování mnoství položek skladu
02.10.19 - 08:42:07 # Zjišťování mnoství položek skladu
02.10.19 - 08:42:07 # Zjišťování mnoství položek skladu
02.10.19 - 08:42:07 # Zjišťování mnoství položek skladu
02.10.19 - 08:42:07 # Zjišťování mnoství položek skladu
02.10.19 - 08:42:07 # Zjišťování mnoství položek skladu
02.10.19 - 08:42:07 # Zjišťování mnoství položek skladu
02.10.19 - 08:42:07 # Zjišťování mnoství položek skladu
02.10.19 - 08:42:07 # Zjišťování mnoství položek skladu
02.10.19 - 08:42:07 # Zjišťování mnoství položek skladu
02.10.19 - 08:42:07 # Zjišťování mnoství položek skladu
02.10.19 - 08:42:07 # Zjišťování mnoství položek skladu
02.10.19 - 08:42:07 # Zjišťování mnoství položek skladu
02.10.19 - 08:42:07 # Zjišťování mnoství položek skladu
02.10.19 - 08:42:07 # Zjišťování mnoství položek skladu
02.10.19 - 08:42:07 # Zjišťování mnoství položek skladu
02.10.19 - 08:42:07 # Dotazování na jméno položky s ID: 1
02.10.19 - 08:42:07 # Dotazování na skladové množství položky s ID: 1
02.10.19 - 08:42:07 # Zjišťování mnoství položek skladu
02.10.19 - 08:42:07 # Zjišťování mnoství položek skladu
02.10.19 - 08:42:07 # Zjišťování mnoství položek skladu
02.10.19 - 08:42:07 # Zjišťování mnoství položek skladu
02.10.19 - 08:42:07 # Zjišťování mnoství položek skladu
02.10.19 - 08:42:07 # Zjišťování mnoství položek skladu
02.10.19 - 08:42:07 # Zjišťování mnoství položek skladu
02.10.19 - 08:42:07 # Zjišťování mnoství položek skladu
02.10.19 - 08:42:07 # Zjišťování mnoství položek skladu
02.10.19 - 08:42:07 # Zjišťování mnoství položek skladu
02.10.19 - 08:42:07 # Zjišťování mnoství položek skladu
02.10.19 - 08:42:07 # Zjišťování mnoství položek skladu
02.10.19 - 08:42:07 # Zjišťování mnoství položek skladu
02.10.19 - 08:42:07 # Zjišťování mnoství položek skladu
02.10.19 - 08:42:07 # Zjišťování mnoství položek skladu
02.10.19 - 08:42:07 # Zjišťování mnoství položek skladu
02.10.19 - 08:42:07 # Dotazování na jméno položky s ID: 1
02.10.19 - 08:42:07 # Dotazování na skladové množství položky s ID: 1
02.10.19 - 08:42:07 # Zjišťování mnoství položek skladu
02.10.19 - 08:42:07 # Zjišťování mnoství položek skladu
02.10.19 - 08:42:07 # Zjišťování mnoství položek skladu
02.10.19 - 08:42:07 # Zjišťování mnoství položek skladu
02.10.19 - 08:42:07 # Zjišťování mnoství položek skladu
02.10.19 - 08:42:07 # Zjišťování mnoství položek skladu
02.10.19 - 08:42:07 # Zjišťování mnoství položek skladu
02.10.19 - 08:42:07 # Zjišťování mnoství položek skladu
02.10.19 - 08:42:07 # Zjišťování mnoství položek skladu
02.10.19 - 08:42:07 # Zjišťování mnoství položek skladu
02.10.19 - 08:42:07 # Zjišťování mnoství položek skladu
02.10.19 - 08:42:07 # Zjišťování mnoství položek skladu
02.10.19 - 08:42:07 # Zjišťování mnoství položek skladu
02.10.19 - 08:42:07 # Zjišťování mnoství položek skladu
02.10.19 - 08:42:07 # Zjišťování mnoství položek skladu
02.10.19 - 08:42:07 # Zjišťování mnoství položek skladu
02.10.19 - 08:42:07 # Dotazování na jméno položky s ID: 1
02.10.19 - 08:42:07 # Dotazování na skladové množství položky s ID: 1
02.10.19 - 08:42:07 # Zjišťování mnoství položek skladu
02.10.19 - 08:42:07 # Zjišťování mnoství položek skladu
02.10.19 - 08:42:07 # Zjišťování mnoství položek skladu
02.10.19 - 08:42:07 # Zjišťování mnoství položek skladu
02.10.19 - 08:42:07 # Zjišťování mnoství položek skladu
02.10.19 - 08:42:07 # Zjišťování mnoství položek skladu
02.10.19 - 08:42:07 # Zjišťování mnoství položek skladu
02.10.19 - 08:42:07 # Zjišťování mnoství položek skladu
02.10.19 - 08:42:07 # Zjišťování mnoství položek skladu
02.10.19 - 08:42:07 # Zjišťování mnoství položek skladu
02.10.19 - 08:42:07 # Zjišťování mnoství položek skladu
02.10.19 - 08:42:07 # Zjišťování mnoství položek skladu
02.10.19 - 08:42:07 # Zjišťování mnoství položek skladu
02.10.19 - 08:42:07 # Zjišťování mnoství položek skladu
02.10.19 - 08:42:07 # Zjišťování mnoství položek skladu
02.10.19 - 08:42:07 # Zjišťování mnoství položek skladu
02.10.19 - 08:42:07 # Dotazování na jméno položky s ID: 1
02.10.19 - 08:42:07 # Dotazování na skladové množství položky s ID: 1
02.10.19 - 08:42:07 # Zjišťování mnoství položek skladu
02.10.19 - 08:42:07 # Zjišťování mnoství položek skladu
02.10.19 - 08:42:07 # Zjišťování mnoství položek skladu
02.10.19 - 08:42:07 # Zjišťování mnoství položek skladu
02.10.19 - 08:42:07 # Zjišťování mnoství položek skladu
02.10.19 - 08:42:07 # Zjišťování mnoství položek skladu
02.10.19 - 08:42:07 # Zjišťování mnoství položek skladu
02.10.19 - 08:42:07 # Zjišťování mnoství položek skladu
02.10.19 - 08:42:07 # Zjišťování mnoství položek skladu
02.10.19 - 08:42:07 # Zjišťování mnoství položek skladu
02.10.19 - 08:42:07 # Zjišťování mnoství položek skladu
02.10.19 - 08:42:07 # Zjišťování mnoství položek skladu
02.10.19 - 08:42:07 # Zjišťování mnoství položek skladu
02.10.19 - 08:42:07 # Zjišťování mnoství položek skladu
02.10.19 - 08:42:08 # Zjišťování mnoství položek skladu
02.10.19 - 08:42:08 # Zjišťování mnoství položek skladu
02.10.19 - 08:42:08 # Dotazování na jméno položky s ID: 1
02.10.19 - 08:42:08 # Dotazování na skladové množství položky s ID: 1
02.10.19 - 08:42:08 # Zjišťování mnoství položek skladu
02.10.19 - 08:42:08 # Zjišťování mnoství položek skladu
02.10.19 - 08:42:08 # Zjišťování mnoství položek skladu
02.10.19 - 08:42:08 # Zjišťování mnoství položek skladu
02.10.19 - 08:42:08 # Zjišťování mnoství položek skladu
02.10.19 - 08:42:08 # Zjišťování mnoství položek skladu
02.10.19 - 08:42:08 # Zjišťování mnoství položek skladu
02.10.19 - 08:42:08 # Zjišťování mnoství položek skladu
02.10.19 - 08:42:08 # Zjišťování mnoství položek skladu
02.10.19 - 08:42:08 # Zjišťování mnoství položek skladu
02.10.19 - 08:42:08 # Zjišťování mnoství položek skladu
02.10.19 - 08:42:08 # Zjišťování mnoství položek skladu
02.10.19 - 08:42:08 # Zjišťování mnoství položek skladu
02.10.19 - 08:42:08 # Zjišťování mnoství položek skladu
02.10.19 - 08:42:08 # Zjišťování mnoství položek skladu
02.10.19 - 08:42:08 # Zjišťování mnoství položek skladu
02.10.19 - 08:42:08 # Dotazování na jméno položky s ID: 1
02.10.19 - 08:42:08 # Dotazování na skladové množství položky s ID: 1
02.10.19 - 08:42:08 # Zjišťování mnoství položek skladu
02.10.19 - 08:42:08 # Zjišťování mnoství položek skladu
02.10.19 - 08:42:08 # Zjišťování mnoství položek skladu
02.10.19 - 08:42:08 # Zjišťování mnoství položek skladu
02.10.19 - 08:42:08 # Zjišťování mnoství položek skladu
02.10.19 - 08:42:08 # Zjišťování mnoství položek skladu
02.10.19 - 08:42:08 # Zjišťování mnoství položek skladu
02.10.19 - 08:42:08 # Zjišťování mnoství položek skladu
02.10.19 - 08:42:08 # Zjišťování mnoství položek skladu
02.10.19 - 08:42:08 # Zjišťování mnoství položek skladu
02.10.19 - 08:42:08 # Zjišťování mnoství položek skladu
02.10.19 - 08:42:08 # Zjišťování mnoství položek skladu
02.10.19 - 08:42:08 # Zjišťování mnoství položek skladu
02.10.19 - 08:42:08 # Zjišťování mnoství položek skladu
02.10.19 - 08:42:08 # Zjišťování mnoství položek skladu
02.10.19 - 08:42:08 # Zjišťování mnoství položek skladu
02.10.19 - 08:42:08 # Dotazování na jméno položky s ID: 1
02.10.19 - 08:42:08 # Dotazování na skladové množství položky s ID: 1
02.10.19 - 08:42:08 # Zjišťování mnoství položek skladu
02.10.19 - 08:42:08 # Zjišťování mnoství položek skladu
02.10.19 - 08:42:08 # Zjišťování mnoství položek skladu
02.10.19 - 08:42:08 # Zjišťování mnoství položek skladu
02.10.19 - 08:42:08 # Zjišťování mnoství položek skladu
02.10.19 - 08:42:08 # Zjišťování mnoství položek skladu
02.10.19 - 08:42:08 # Zjišťování mnoství položek skladu
02.10.19 - 08:42:08 # Zjišťování mnoství položek skladu
02.10.19 - 08:42:08 # Zjišťování mnoství položek skladu
02.10.19 - 08:42:08 # Zjišťování mnoství položek skladu
02.10.19 - 08:42:08 # Zjišťování mnoství položek skladu
02.10.19 - 08:42:08 # Zjišťování mnoství položek skladu
02.10.19 - 08:42:08 # Zjišťování mnoství položek skladu
02.10.19 - 08:42:08 # Zjišťování mnoství položek skladu
02.10.19 - 08:42:08 # Zjišťování mnoství položek skladu
02.10.19 - 08:42:08 # Zjišťování mnoství položek skladu
02.10.19 - 08:42:08 # Dotazování na jméno položky s ID: 1
02.10.19 - 08:42:08 # Dotazování na skladové množství položky s ID: 1
02.10.19 - 08:42:08 # Zjišťování mnoství položek skladu
02.10.19 - 08:42:08 # Zjišťování mnoství položek skladu
02.10.19 - 08:42:08 # Zjišťování mnoství položek skladu
02.10.19 - 08:42:08 # Zjišťování mnoství položek skladu
02.10.19 - 08:42:08 # Zjišťování mnoství položek skladu
02.10.19 - 08:42:08 # Zjišťování mnoství položek skladu
02.10.19 - 08:42:08 # Zjišťování mnoství položek skladu
02.10.19 - 08:42:08 # Zjišťování mnoství položek skladu
02.10.19 - 08:42:08 # Zjišťování mnoství položek skladu
02.10.19 - 08:42:08 # Zjišťování mnoství položek skladu
02.10.19 - 08:42:08 # Zjišťování mnoství položek skladu
02.10.19 - 08:42:08 # Zjišťování mnoství položek skladu
02.10.19 - 08:42:08 # Zjišťování mnoství položek skladu
02.10.19 - 08:42:08 # Zjišťování mnoství položek skladu
02.10.19 - 08:42:08 # Zjišťování mnoství položek skladu
02.10.19 - 08:42:08 # Zjišťování mnoství položek skladu
02.10.19 - 08:42:08 # Dotazování na jméno položky s ID: 1
02.10.19 - 08:42:08 # Dotazování na skladové množství položky s ID: 1
02.10.19 - 08:42:08 # Zjišťování mnoství položek skladu
02.10.19 - 08:42:08 # Zjišťování mnoství položek skladu
02.10.19 - 08:42:08 # Zjišťování mnoství položek skladu
02.10.19 - 08:42:08 # Zjišťování mnoství položek skladu
02.10.19 - 08:42:08 # Zjišťování mnoství položek skladu
02.10.19 - 08:42:08 # Zjišťování mnoství položek skladu
02.10.19 - 08:42:08 # Zjišťování mnoství položek skladu
02.10.19 - 08:42:08 # Zjišťování mnoství položek skladu
02.10.19 - 08:42:08 # Zjišťování mnoství položek skladu
02.10.19 - 08:42:08 # Zjišťování mnoství položek skladu
02.10.19 - 08:42:08 # Zjišťování mnoství položek skladu
02.10.19 - 08:42:08 # Zjišťování mnoství položek skladu
02.10.19 - 08:42:08 # Zjišťování mnoství položek skladu
02.10.19 - 08:42:08 # Zjišťování mnoství položek skladu
02.10.19 - 08:42:08 # Vložena nová položka do nákupního seznamu is ID: 1
02.10.19 - 08:42:08 # Kontrola existence položky v databázi s ID: 1
02.10.19 - 08:42:08 # Zjišťování skladových zásob u položky s ID: 1
02.10.19 - 08:42:08 # Dotazování na skladové množství položky s ID: 1
02.10.19 - 08:42:08 # Dotazování na jméno položky s ID: 1
02.10.19 - 08:42:08 # Dotazování na zrácené jméno položky s ID: 1
02.10.19 - 08:42:08 # Dotazování na cenu položy s ID: 1
02.10.19 - 08:42:08 # Dotazování na velikost daně u položky s ID: 1
02.10.19 - 08:42:08 # Dotazování na skladové množství položky s ID: 1
02.10.19 - 08:42:08 # Nastavení nové skladové zásoby: 85, u položky s ID: 1
02.10.19 - 08:42:08 # Dotazování celové počtu položek v nákupním seznamu
02.10.19 - 08:42:08 # Dotazování celové počtu položek v nákupním seznamu
02.10.19 - 08:42:08 # Dotazování celové počtu položek v nákupním seznamu
02.10.19 - 08:42:08 # Dotazování celové počtu položek v nákupním seznamu
02.10.19 - 08:42:08 # Dotazování celové počtu položek v nákupním seznamu
02.10.19 - 08:42:08 # Dotazování celové počtu položek v nákupním seznamu
02.10.19 - 08:42:08 # Dotazování celové počtu položek v nákupním seznamu
02.10.19 - 08:42:08 # Dotazování celové ceny obejednávky s daní
02.10.19 - 08:42:08 # Dotazování celové počtu položek v nákupním seznamu
02.10.19 - 08:42:08 # Dotazování celové počtu položek v nákupním seznamu
02.10.19 - 08:42:08 # Dotazování celové počtu položek v nákupním seznamu
02.10.19 - 08:42:08 # Dotazování celové počtu položek v nákupním seznamu
02.10.19 - 08:42:08 # Dotazování celové počtu položek v nákupním seznamu
02.10.19 - 08:42:08 # Dotazování celové počtu položek v nákupním seznamu
02.10.19 - 08:42:09 # Dotazování celové ceny obejednávky s daní
02.10.19 - 08:42:09 # Dotazování celové počtu položek v nákupním seznamu
02.10.19 - 08:42:10 # Dotazování celové ceny obejednávky s daní
02.10.19 - 08:42:10 # Dotazování celové počtu položek v nákupním seznamu
