03.10.19 - 10:22:59 # Inicializace jádra...
03.10.19 - 10:22:59 # Vlákno pro sledování připojení k serverovému počítači vytvořeno.
03.10.19 - 10:22:59 # Zjišťování mnoství položek skladu
03.10.19 - 10:22:59 # Dotazování na jméno položky s ID: 1
03.10.19 - 10:22:59 # Dotazování na skladové množství položky s ID: 1
03.10.19 - 10:23:00 # Dotazování celkové ceny obejednávky s daní
03.10.19 - 10:23:01 # Dotazování celkové ceny obejednávky s daní
03.10.19 - 10:23:02 # Dotazování celkové ceny obejednávky s daní
03.10.19 - 10:23:03 # Dotazování celkové ceny obejednávky s daní
03.10.19 - 10:23:04 # Dotazování celkové ceny obejednávky s daní
03.10.19 - 10:23:05 # Dotazování celkové ceny obejednávky s daní
03.10.19 - 10:23:06 # Dotazování celkové ceny obejednávky s daní
03.10.19 - 10:23:07 # Dotazování celkové ceny obejednávky s daní
03.10.19 - 10:23:08 # Dotazování celkové ceny obejednávky s daní
03.10.19 - 10:23:09 # Dotazování celkové ceny obejednávky s daní
03.10.19 - 10:23:10 # Dotazování celkové ceny obejednávky s daní
03.10.19 - 10:23:11 # Dotazování celkové ceny obejednávky s daní
03.10.19 - 10:23:12 # Dotazování celkové ceny obejednávky s daní
03.10.19 - 10:23:13 # Dotazování celkové ceny obejednávky s daní
03.10.19 - 10:23:14 # Dotazování celkové ceny obejednávky s daní
03.10.19 - 10:23:15 # Dotazování celkové ceny obejednávky s daní
03.10.19 - 10:23:16 # Dotazování celkové ceny obejednávky s daní
03.10.19 - 10:23:17 # Dotazování celkové ceny obejednávky s daní
03.10.19 - 10:23:18 # Dotazování celkové ceny obejednávky s daní
03.10.19 - 10:23:19 # Dotazování celkové ceny obejednávky s daní
03.10.19 - 10:23:20 # Dotazování celkové ceny obejednávky s daní
03.10.19 - 10:23:21 # Dotazování celkové ceny obejednávky s daní
03.10.19 - 10:23:22 # Dotazování celkové ceny obejednávky s daní
03.10.19 - 10:23:23 # Dotazování celkové ceny obejednávky s daní
03.10.19 - 10:23:24 # Dotazování celkové ceny obejednávky s daní
03.10.19 - 10:23:25 # Dotazování celkové ceny obejednávky s daní
03.10.19 - 10:23:26 # Dotazování celkové ceny obejednávky s daní
03.10.19 - 10:23:27 # Dotazování celkové ceny obejednávky s daní
03.10.19 - 10:23:28 # Dotazování celkové ceny obejednávky s daní
03.10.19 - 10:23:29 # Dotazování celkové ceny obejednávky s daní
03.10.19 - 10:23:30 # Dotazování celkové ceny obejednávky s daní
03.10.19 - 10:23:31 # Dotazování celkové ceny obejednávky s daní
03.10.19 - 10:23:32 # Dotazování celkové ceny obejednávky s daní
03.10.19 - 10:23:33 # Dotazování celkové ceny obejednávky s daní
03.10.19 - 10:23:34 # Dotazování celkové ceny obejednávky s daní
03.10.19 - 10:23:35 # Dotazování celkové ceny obejednávky s daní
03.10.19 - 10:23:36 # Dotazování celkové ceny obejednávky s daní
03.10.19 - 10:23:37 # Dotazování celkové ceny obejednávky s daní
03.10.19 - 10:23:38 # Dotazování celkové ceny obejednávky s daní
03.10.19 - 10:23:39 # Destrukce objektu controler
