03.10.19 - 07:30:48 # Inicializace jádra...
03.10.19 - 07:30:48 # Vlákno pro sledování připojení k serverovému počítači vytvořeno.
03.10.19 - 07:30:49 # Zjišťování mnoství položek skladu
03.10.19 - 07:30:49 # Dotazování na jméno položky s ID: 1
03.10.19 - 07:30:49 # Dotazování na skladové množství položky s ID: 1
03.10.19 - 07:30:50 # Dotazování celkové ceny obejednávky s daní
03.10.19 - 07:30:51 # Zjišťování mnoství položek skladu
03.10.19 - 07:30:51 # Dotazování na jméno položky s ID: 1
03.10.19 - 07:30:51 # Dotazování na skladové množství položky s ID: 1
03.10.19 - 07:30:51 # Dotazování celkové ceny obejednávky s daní
03.10.19 - 07:30:52 # Vložena nová položka do nákupního seznamu is ID: 1
03.10.19 - 07:30:52 # Kontrola existence položky v databázi s ID: 1
03.10.19 - 07:30:52 # Zjišťování skladových zásob u položky s ID: 1
03.10.19 - 07:30:52 # Dotazování na skladové množství položky s ID: 1
03.10.19 - 07:30:52 # Dotazování na jméno položky s ID: 1
03.10.19 - 07:30:52 # Dotazování na zrácené jméno položky s ID: 1
03.10.19 - 07:30:52 # Dotazování na cenu položy s ID: 1
03.10.19 - 07:30:52 # Dotazování na velikost daně u položky s ID: 1
03.10.19 - 07:30:52 # Dotazování na skladové množství položky s ID: 1
03.10.19 - 07:30:52 # Nastavení nové skladové zásoby: 84, u položky s ID: 1
03.10.19 - 07:30:52 # Dotazování celkové ceny obejednávky s daní
03.10.19 - 07:30:53 # Dotazování celkové ceny obejednávky s daní
03.10.19 - 07:30:53 # Zjišťování mnoství položek skladu
03.10.19 - 07:30:53 # Dotazování na jméno položky s ID: 1
03.10.19 - 07:30:53 # Dotazování na skladové množství položky s ID: 1
03.10.19 - 07:30:54 # Dotazování celkové ceny obejednávky s daní
03.10.19 - 07:30:55 # Dotazování celkové ceny obejednávky s daní
03.10.19 - 07:30:55 # Dotazování na skladové množství položky s ID: 1
03.10.19 - 07:30:55 # Inkremenováno množsví v nákupním seznamu u položky s ID: 1
03.10.19 - 07:30:55 # Dotazování na množství v nákupním seznamu u položky na indexu: 0
03.10.19 - 07:30:55 # Nastavení nové skladové zásoby: 83, u položky s ID: 1
03.10.19 - 07:30:56 # Dotazování celkové ceny obejednávky s daní
03.10.19 - 07:30:56 # Zjišťování mnoství položek skladu
03.10.19 - 07:30:56 # Dotazování na jméno položky s ID: 1
03.10.19 - 07:30:56 # Dotazování na skladové množství položky s ID: 1
03.10.19 - 07:30:57 # Dotazování celkové ceny obejednávky s daní
03.10.19 - 07:30:58 # Dotazování na skladové množství položky s ID: 1
03.10.19 - 07:30:58 # Inkremenováno množsví v nákupním seznamu u položky s ID: 1
03.10.19 - 07:30:58 # Dotazování na množství v nákupním seznamu u položky na indexu: 0
03.10.19 - 07:30:58 # Nastavení nové skladové zásoby: 82, u položky s ID: 1
03.10.19 - 07:30:58 # Dotazování celkové ceny obejednávky s daní
03.10.19 - 07:30:59 # Zjišťování mnoství položek skladu
03.10.19 - 07:30:59 # Dotazování na jméno položky s ID: 1
03.10.19 - 07:30:59 # Dotazování na skladové množství položky s ID: 1
03.10.19 - 07:30:59 # Dotazování celkové ceny obejednávky s daní
03.10.19 - 07:31:00 # Dotazování celkové ceny obejednávky s daní
03.10.19 - 07:31:01 # Dotazování celkové ceny obejednávky s daní
03.10.19 - 07:31:02 # Dotazování celkové ceny obejednávky s daní
03.10.19 - 07:31:02 # Vyprázdnění nákupního košíku a zrušení objednávky
03.10.19 - 07:31:02 # Dotazování na skladové množství položky s ID: 1
03.10.19 - 07:31:02 # Nastavení nové skladové zásoby: 85, u položky s ID: 1
03.10.19 - 07:31:03 # Dotazování celkové ceny obejednávky s daní
03.10.19 - 07:31:04 # Zjišťování mnoství položek skladu
03.10.19 - 07:31:04 # Dotazování na jméno položky s ID: 1
03.10.19 - 07:31:04 # Dotazování na skladové množství položky s ID: 1
03.10.19 - 07:31:04 # Dotazování celkové ceny obejednávky s daní
03.10.19 - 07:31:05 # Dotazování celkové ceny obejednávky s daní
03.10.19 - 07:31:05 # Vložena nová položka do nákupního seznamu is ID: 1
03.10.19 - 07:31:05 # Kontrola existence položky v databázi s ID: 1
03.10.19 - 07:31:05 # Zjišťování skladových zásob u položky s ID: 1
03.10.19 - 07:31:05 # Dotazování na skladové množství položky s ID: 1
03.10.19 - 07:31:05 # Dotazování na jméno položky s ID: 1
03.10.19 - 07:31:05 # Dotazování na zrácené jméno položky s ID: 1
03.10.19 - 07:31:05 # Dotazování na cenu položy s ID: 1
03.10.19 - 07:31:05 # Dotazování na velikost daně u položky s ID: 1
03.10.19 - 07:31:05 # Dotazování na skladové množství položky s ID: 1
03.10.19 - 07:31:05 # Nastavení nové skladové zásoby: 84, u položky s ID: 1
03.10.19 - 07:31:06 # Zjišťování mnoství položek skladu
03.10.19 - 07:31:06 # Dotazování na jméno položky s ID: 1
03.10.19 - 07:31:06 # Dotazování na skladové množství položky s ID: 1
03.10.19 - 07:31:06 # Dotazování celkové ceny obejednávky s daní
03.10.19 - 07:31:07 # Dotazování na skladové množství položky s ID: 1
03.10.19 - 07:31:07 # Inkremenováno množsví v nákupním seznamu u položky s ID: 1
03.10.19 - 07:31:07 # Dotazování na množství v nákupním seznamu u položky na indexu: 0
03.10.19 - 07:31:07 # Nastavení nové skladové zásoby: 83, u položky s ID: 1
03.10.19 - 07:31:07 # Dotazování celkové ceny obejednávky s daní
03.10.19 - 07:31:08 # Dotazování celkové ceny obejednávky s daní
03.10.19 - 07:31:08 # Zjišťování mnoství položek skladu
03.10.19 - 07:31:08 # Dotazování na jméno položky s ID: 1
03.10.19 - 07:31:08 # Dotazování na skladové množství položky s ID: 1
03.10.19 - 07:31:09 # Dotazování celkové ceny obejednávky s daní
03.10.19 - 07:31:09 # Dotazování na skladové množství položky s ID: 1
03.10.19 - 07:31:09 # Inkremenováno množsví v nákupním seznamu u položky s ID: 1
03.10.19 - 07:31:09 # Dotazování na množství v nákupním seznamu u položky na indexu: 0
03.10.19 - 07:31:09 # Nastavení nové skladové zásoby: 82, u položky s ID: 1
03.10.19 - 07:31:10 # Dotazování celkové ceny obejednávky s daní
03.10.19 - 07:31:11 # Vyprázdnění nákupního košíku a zrušení objednávky
03.10.19 - 07:31:11 # Dotazování na skladové množství položky s ID: 1
03.10.19 - 07:31:11 # Nastavení nové skladové zásoby: 85, u položky s ID: 1
03.10.19 - 07:31:11 # Dotazování celkové ceny obejednávky s daní
03.10.19 - 07:31:12 # Dotazování celkové ceny obejednávky s daní
03.10.19 - 07:31:13 # Dotazování celkové ceny obejednávky s daní
03.10.19 - 07:31:14 # Dotazování celkové ceny obejednávky s daní
03.10.19 - 07:31:14 # Destrukce objektu controler
