03.10.19 - 10:21:50 # Inicializace jádra...
03.10.19 - 10:21:50 # Vlákno pro sledování připojení k serverovému počítači vytvořeno.
03.10.19 - 10:21:50 # Zjišťování mnoství položek skladu
03.10.19 - 10:21:50 # Dotazování na jméno položky s ID: 1
03.10.19 - 10:21:50 # Dotazování na skladové množství položky s ID: 1
03.10.19 - 10:21:51 # Dotazování celkové ceny obejednávky s daní
03.10.19 - 10:21:52 # Dotazování celkové ceny obejednávky s daní
03.10.19 - 10:21:53 # Dotazování celkové ceny obejednávky s daní
03.10.19 - 10:21:54 # Dotazování celkové ceny obejednávky s daní
03.10.19 - 10:21:55 # Dotazování celkové ceny obejednávky s daní
03.10.19 - 10:21:56 # Dotazování celkové ceny obejednávky s daní
03.10.19 - 10:21:57 # Dotazování celkové ceny obejednávky s daní
03.10.19 - 10:21:58 # Dotazování celkové ceny obejednávky s daní
03.10.19 - 10:21:59 # Dotazování celkové ceny obejednávky s daní
03.10.19 - 10:22:00 # Dotazování celkové ceny obejednávky s daní
03.10.19 - 10:22:01 # Dotazování celkové ceny obejednávky s daní
03.10.19 - 10:22:02 # Dotazování celkové ceny obejednávky s daní
03.10.19 - 10:22:03 # Dotazování celkové ceny obejednávky s daní
03.10.19 - 10:22:04 # Dotazování celkové ceny obejednávky s daní
03.10.19 - 10:22:05 # Dotazování celkové ceny obejednávky s daní
03.10.19 - 10:22:06 # Dotazování celkové ceny obejednávky s daní
03.10.19 - 10:22:07 # Dotazování celkové ceny obejednávky s daní
03.10.19 - 10:22:08 # Dotazování celkové ceny obejednávky s daní
03.10.19 - 10:22:09 # Dotazování celkové ceny obejednávky s daní
03.10.19 - 10:22:10 # Dotazování celkové ceny obejednávky s daní
03.10.19 - 10:22:11 # Dotazování celkové ceny obejednávky s daní
03.10.19 - 10:22:12 # Dotazování celkové ceny obejednávky s daní
03.10.19 - 10:22:13 # Dotazování celkové ceny obejednávky s daní
03.10.19 - 10:22:14 # Dotazování celkové ceny obejednávky s daní
03.10.19 - 10:22:15 # Dotazování celkové ceny obejednávky s daní
03.10.19 - 10:22:16 # Dotazování celkové ceny obejednávky s daní
03.10.19 - 10:22:17 # Dotazování celkové ceny obejednávky s daní
03.10.19 - 10:22:18 # Dotazování celkové ceny obejednávky s daní
03.10.19 - 10:22:19 # Dotazování celkové ceny obejednávky s daní
03.10.19 - 10:22:20 # Destrukce objektu controler
