02.10.19 - 11:26:52 # Inicializace jádra...
02.10.19 - 11:26:52 # Vlákno pro sledování připojení k serverovému počítači vytvořeno.
02.10.19 - 11:26:53 # Zjišťování mnoství položek skladu
02.10.19 - 11:26:53 # Dotazování na jméno položky s ID: 1
02.10.19 - 11:26:53 # Dotazování na skladové množství položky s ID: 1
02.10.19 - 11:26:54 # Dotazování celkové ceny obejednávky s daní
02.10.19 - 11:26:55 # Dotazování celkové ceny obejednávky s daní
02.10.19 - 11:26:56 # Dotazování celkové ceny obejednávky s daní
02.10.19 - 11:26:57 # Dotazování celkové ceny obejednávky s daní
02.10.19 - 11:26:58 # Dotazování celkové ceny obejednávky s daní
02.10.19 - 11:26:59 # Dotazování celkové ceny obejednávky s daní
02.10.19 - 11:27:00 # Dotazování celkové ceny obejednávky s daní
02.10.19 - 11:27:01 # Dotazování celkové ceny obejednávky s daní
02.10.19 - 11:27:02 # Dotazování celkové ceny obejednávky s daní
02.10.19 - 11:27:03 # Dotazování celkové ceny obejednávky s daní
02.10.19 - 11:27:04 # Dotazování celkové ceny obejednávky s daní
02.10.19 - 11:27:05 # Dotazování celkové ceny obejednávky s daní
02.10.19 - 11:27:06 # Dotazování celkové ceny obejednávky s daní
02.10.19 - 11:27:07 # Dotazování celkové ceny obejednávky s daní
02.10.19 - 11:27:07 # Destrukce objektu controler
