03.10.19 - 07:46:45 # Inicializace jádra...
03.10.19 - 07:46:45 # Vlákno pro sledování připojení k serverovému počítači vytvořeno.
03.10.19 - 07:46:45 # Zjišťování mnoství položek skladu
03.10.19 - 07:46:45 # Dotazování na jméno položky s ID: 1
03.10.19 - 07:46:45 # Dotazování na skladové množství položky s ID: 1
03.10.19 - 07:46:46 # Dotazování celkové ceny obejednávky s daní
03.10.19 - 07:46:47 # Dotazování celkové ceny obejednávky s daní
03.10.19 - 07:46:48 # Dotazování celkové ceny obejednávky s daní
03.10.19 - 07:46:49 # Dotazování celkové ceny obejednávky s daní
03.10.19 - 07:46:50 # Dotazování celkové ceny obejednávky s daní
03.10.19 - 07:46:51 # Dotazování celkové ceny obejednávky s daní
03.10.19 - 07:46:52 # Dotazování celkové ceny obejednávky s daní
03.10.19 - 07:46:53 # Dotazování celkové ceny obejednávky s daní
03.10.19 - 07:46:54 # Dotazování celkové ceny obejednávky s daní
03.10.19 - 07:46:55 # Dotazování celkové ceny obejednávky s daní
03.10.19 - 07:46:56 # Dotazování celkové ceny obejednávky s daní
03.10.19 - 07:46:57 # Dotazování celkové ceny obejednávky s daní
03.10.19 - 07:46:58 # Dotazování celkové ceny obejednávky s daní
03.10.19 - 07:46:59 # Dotazování celkové ceny obejednávky s daní
03.10.19 - 07:47:00 # Destrukce objektu controler
