03.10.19 - 10:40:38 # Inicializace jádra...
03.10.19 - 10:40:38 # Vlákno pro sledování připojení k serverovému počítači vytvořeno.
03.10.19 - 10:40:38 # Zjišťování mnoství položek skladu
03.10.19 - 10:40:38 # Dotazování na jméno položky s ID: 1
03.10.19 - 10:40:38 # Dotazování na skladové množství položky s ID: 1
03.10.19 - 10:40:39 # Dotazování celkové ceny obejednávky s daní
03.10.19 - 10:40:40 # Dotazování celkové ceny obejednávky s daní
03.10.19 - 10:40:41 # Dotazování celkové ceny obejednávky s daní
03.10.19 - 10:40:42 # Dotazování celkové ceny obejednávky s daní
03.10.19 - 10:40:43 # Dotazování celkové ceny obejednávky s daní
03.10.19 - 10:40:44 # Dotazování celkové ceny obejednávky s daní
03.10.19 - 10:40:45 # Dotazování celkové ceny obejednávky s daní
03.10.19 - 10:40:46 # Dotazování celkové ceny obejednávky s daní
03.10.19 - 10:40:47 # Dotazování celkové ceny obejednávky s daní
03.10.19 - 10:40:48 # Dotazování celkové ceny obejednávky s daní
03.10.19 - 10:40:49 # Dotazování celkové ceny obejednávky s daní
03.10.19 - 10:40:50 # Dotazování celkové ceny obejednávky s daní
03.10.19 - 10:40:51 # Dotazování celkové ceny obejednávky s daní
03.10.19 - 10:40:52 # Dotazování celkové ceny obejednávky s daní
03.10.19 - 10:40:53 # Dotazování celkové ceny obejednávky s daní
03.10.19 - 10:40:54 # Dotazování celkové ceny obejednávky s daní
03.10.19 - 10:40:55 # Dotazování celkové ceny obejednávky s daní
03.10.19 - 10:40:56 # Dotazování celkové ceny obejednávky s daní
03.10.19 - 10:40:57 # Dotazování celkové ceny obejednávky s daní
03.10.19 - 10:40:58 # Dotazování celkové ceny obejednávky s daní
03.10.19 - 10:40:59 # Dotazování celkové ceny obejednávky s daní
03.10.19 - 10:41:00 # Dotazování celkové ceny obejednávky s daní
03.10.19 - 10:41:01 # Dotazování celkové ceny obejednávky s daní
03.10.19 - 10:41:02 # Dotazování celkové ceny obejednávky s daní
03.10.19 - 10:41:03 # Dotazování celkové ceny obejednávky s daní
03.10.19 - 10:41:04 # Dotazování celkové ceny obejednávky s daní
03.10.19 - 10:41:05 # Dotazování celkové ceny obejednávky s daní
03.10.19 - 10:41:06 # Dotazování celkové ceny obejednávky s daní
03.10.19 - 10:41:07 # Dotazování celkové ceny obejednávky s daní
03.10.19 - 10:41:08 # Dotazování celkové ceny obejednávky s daní
03.10.19 - 10:41:09 # Dotazování celkové ceny obejednávky s daní
03.10.19 - 10:41:10 # Dotazování celkové ceny obejednávky s daní
03.10.19 - 10:41:11 # Dotazování celkové ceny obejednávky s daní
03.10.19 - 10:41:12 # Dotazování celkové ceny obejednávky s daní
03.10.19 - 10:41:13 # Dotazování celkové ceny obejednávky s daní
03.10.19 - 10:41:14 # Dotazování celkové ceny obejednávky s daní
03.10.19 - 10:41:15 # Dotazování celkové ceny obejednávky s daní
03.10.19 - 10:41:16 # Dotazování celkové ceny obejednávky s daní
03.10.19 - 10:41:17 # Dotazování celkové ceny obejednávky s daní
03.10.19 - 10:41:18 # Dotazování celkové ceny obejednávky s daní
03.10.19 - 10:41:19 # Dotazování celkové ceny obejednávky s daní
03.10.19 - 10:41:20 # Dotazování celkové ceny obejednávky s daní
03.10.19 - 10:41:21 # Dotazování celkové ceny obejednávky s daní
03.10.19 - 10:41:22 # Dotazování celkové ceny obejednávky s daní
03.10.19 - 10:41:23 # Dotazování celkové ceny obejednávky s daní
03.10.19 - 10:41:24 # Dotazování celkové ceny obejednávky s daní
03.10.19 - 10:41:25 # Dotazování celkové ceny obejednávky s daní
03.10.19 - 10:41:26 # Dotazování celkové ceny obejednávky s daní
03.10.19 - 10:41:27 # Dotazování celkové ceny obejednávky s daní
03.10.19 - 10:41:28 # Dotazování celkové ceny obejednávky s daní
03.10.19 - 10:41:29 # Dotazování celkové ceny obejednávky s daní
03.10.19 - 10:41:30 # Dotazování celkové ceny obejednávky s daní
03.10.19 - 10:41:31 # Dotazování celkové ceny obejednávky s daní
03.10.19 - 10:41:32 # Dotazování celkové ceny obejednávky s daní
03.10.19 - 10:41:33 # Dotazování celkové ceny obejednávky s daní
03.10.19 - 10:41:34 # Dotazování celkové ceny obejednávky s daní
03.10.19 - 10:41:35 # Dotazování celkové ceny obejednávky s daní
03.10.19 - 10:41:36 # Dotazování celkové ceny obejednávky s daní
03.10.19 - 10:41:37 # Dotazování celkové ceny obejednávky s daní
03.10.19 - 10:41:38 # Dotazování celkové ceny obejednávky s daní
03.10.19 - 10:41:39 # Dotazování celkové ceny obejednávky s daní
03.10.19 - 10:41:40 # Dotazování celkové ceny obejednávky s daní
03.10.19 - 10:41:41 # Dotazování celkové ceny obejednávky s daní
03.10.19 - 10:41:42 # Dotazování celkové ceny obejednávky s daní
03.10.19 - 10:41:43 # Dotazování celkové ceny obejednávky s daní
03.10.19 - 10:41:44 # Dotazování celkové ceny obejednávky s daní
03.10.19 - 10:41:45 # Dotazování celkové ceny obejednávky s daní
03.10.19 - 10:41:46 # Destrukce objektu controler
