03.10.19 - 10:32:42 # Inicializace jádra...
03.10.19 - 10:32:42 # Vlákno pro sledování připojení k serverovému počítači vytvořeno.
03.10.19 - 10:32:42 # Zjišťování mnoství položek skladu
03.10.19 - 10:32:42 # Dotazování na jméno položky s ID: 1
03.10.19 - 10:32:42 # Dotazování na skladové množství položky s ID: 1
03.10.19 - 10:32:43 # Dotazování celkové ceny obejednávky s daní
03.10.19 - 10:32:44 # Dotazování celkové ceny obejednávky s daní
03.10.19 - 10:32:46 # Dotazování celkové ceny obejednávky s daní
03.10.19 - 10:32:47 # Dotazování celkové ceny obejednávky s daní
03.10.19 - 10:32:48 # Dotazování celkové ceny obejednávky s daní
03.10.19 - 10:32:49 # Dotazování celkové ceny obejednávky s daní
03.10.19 - 10:32:50 # Dotazování celkové ceny obejednávky s daní
03.10.19 - 10:32:51 # Dotazování celkové ceny obejednávky s daní
03.10.19 - 10:32:52 # Dotazování celkové ceny obejednávky s daní
03.10.19 - 10:32:53 # Dotazování celkové ceny obejednávky s daní
03.10.19 - 10:32:54 # Dotazování celkové ceny obejednávky s daní
03.10.19 - 10:32:55 # Dotazování celkové ceny obejednávky s daní
03.10.19 - 10:32:56 # Dotazování celkové ceny obejednávky s daní
03.10.19 - 10:32:57 # Dotazování celkové ceny obejednávky s daní
03.10.19 - 10:32:58 # Dotazování celkové ceny obejednávky s daní
03.10.19 - 10:32:59 # Dotazování celkové ceny obejednávky s daní
03.10.19 - 10:33:00 # Dotazování celkové ceny obejednávky s daní
03.10.19 - 10:33:01 # Dotazování celkové ceny obejednávky s daní
03.10.19 - 10:33:02 # Dotazování celkové ceny obejednávky s daní
03.10.19 - 10:33:03 # Dotazování celkové ceny obejednávky s daní
03.10.19 - 10:33:04 # Dotazování celkové ceny obejednávky s daní
03.10.19 - 10:33:05 # Dotazování celkové ceny obejednávky s daní
03.10.19 - 10:33:06 # Dotazování celkové ceny obejednávky s daní
03.10.19 - 10:33:07 # Dotazování celkové ceny obejednávky s daní
03.10.19 - 10:33:08 # Dotazování celkové ceny obejednávky s daní
03.10.19 - 10:33:09 # Dotazování celkové ceny obejednávky s daní
03.10.19 - 10:33:10 # Dotazování celkové ceny obejednávky s daní
03.10.19 - 10:33:11 # Dotazování celkové ceny obejednávky s daní
03.10.19 - 10:33:12 # Dotazování celkové ceny obejednávky s daní
03.10.19 - 10:33:13 # Dotazování celkové ceny obejednávky s daní
03.10.19 - 10:33:14 # Dotazování celkové ceny obejednávky s daní
03.10.19 - 10:33:15 # Dotazování celkové ceny obejednávky s daní
