03.10.19 - 10:37:08 # Inicializace jádra...
03.10.19 - 10:37:09 # Vlákno pro sledování připojení k serverovému počítači vytvořeno.
03.10.19 - 10:37:09 # Zjišťování mnoství položek skladu
03.10.19 - 10:37:09 # Dotazování na jméno položky s ID: 1
03.10.19 - 10:37:09 # Dotazování na skladové množství položky s ID: 1
03.10.19 - 10:37:10 # Dotazování celkové ceny obejednávky s daní
03.10.19 - 10:37:11 # Dotazování celkové ceny obejednávky s daní
03.10.19 - 10:37:12 # Dotazování celkové ceny obejednávky s daní
03.10.19 - 10:37:13 # Dotazování celkové ceny obejednávky s daní
03.10.19 - 10:37:14 # Dotazování celkové ceny obejednávky s daní
03.10.19 - 10:37:15 # Dotazování celkové ceny obejednávky s daní
03.10.19 - 10:37:16 # Dotazování celkové ceny obejednávky s daní
03.10.19 - 10:37:17 # Dotazování celkové ceny obejednávky s daní
03.10.19 - 10:37:18 # Dotazování celkové ceny obejednávky s daní
03.10.19 - 10:37:19 # Dotazování celkové ceny obejednávky s daní
03.10.19 - 10:37:20 # Dotazování celkové ceny obejednávky s daní
03.10.19 - 10:37:21 # Dotazování celkové ceny obejednávky s daní
03.10.19 - 10:37:22 # Dotazování celkové ceny obejednávky s daní
03.10.19 - 10:37:23 # Dotazování celkové ceny obejednávky s daní
03.10.19 - 10:37:24 # Dotazování celkové ceny obejednávky s daní
03.10.19 - 10:37:25 # Dotazování celkové ceny obejednávky s daní
03.10.19 - 10:37:26 # Dotazování celkové ceny obejednávky s daní
03.10.19 - 10:37:27 # Dotazování celkové ceny obejednávky s daní
03.10.19 - 10:37:28 # Dotazování celkové ceny obejednávky s daní
03.10.19 - 10:37:29 # Dotazování celkové ceny obejednávky s daní
03.10.19 - 10:37:30 # Dotazování celkové ceny obejednávky s daní
03.10.19 - 10:37:31 # Dotazování celkové ceny obejednávky s daní
03.10.19 - 10:37:32 # Dotazování celkové ceny obejednávky s daní
03.10.19 - 10:37:33 # Dotazování celkové ceny obejednávky s daní
03.10.19 - 10:37:34 # Dotazování celkové ceny obejednávky s daní
03.10.19 - 10:37:35 # Dotazování celkové ceny obejednávky s daní
03.10.19 - 10:37:36 # Dotazování celkové ceny obejednávky s daní
03.10.19 - 10:37:37 # Dotazování celkové ceny obejednávky s daní
03.10.19 - 10:37:38 # Dotazování celkové ceny obejednávky s daní
03.10.19 - 10:37:39 # Dotazování celkové ceny obejednávky s daní
03.10.19 - 10:37:40 # Dotazování celkové ceny obejednávky s daní
03.10.19 - 10:37:41 # Dotazování celkové ceny obejednávky s daní
03.10.19 - 10:37:42 # Dotazování celkové ceny obejednávky s daní
03.10.19 - 10:37:43 # Dotazování celkové ceny obejednávky s daní
03.10.19 - 10:37:44 # Dotazování celkové ceny obejednávky s daní
03.10.19 - 10:37:45 # Dotazování celkové ceny obejednávky s daní
03.10.19 - 10:37:46 # Dotazování celkové ceny obejednávky s daní
03.10.19 - 10:37:47 # Dotazování celkové ceny obejednávky s daní
03.10.19 - 10:37:48 # Dotazování celkové ceny obejednávky s daní
03.10.19 - 10:37:49 # Dotazování celkové ceny obejednávky s daní
03.10.19 - 10:37:50 # Dotazování celkové ceny obejednávky s daní
03.10.19 - 10:37:51 # Dotazování celkové ceny obejednávky s daní
03.10.19 - 10:37:52 # Dotazování celkové ceny obejednávky s daní
03.10.19 - 10:37:53 # Dotazování celkové ceny obejednávky s daní
03.10.19 - 10:37:54 # Dotazování celkové ceny obejednávky s daní
03.10.19 - 10:37:55 # Dotazování celkové ceny obejednávky s daní
03.10.19 - 10:37:56 # Dotazování celkové ceny obejednávky s daní
03.10.19 - 10:37:57 # Dotazování celkové ceny obejednávky s daní
03.10.19 - 10:37:58 # Dotazování celkové ceny obejednávky s daní
03.10.19 - 10:37:59 # Dotazování celkové ceny obejednávky s daní
03.10.19 - 10:38:00 # Dotazování celkové ceny obejednávky s daní
03.10.19 - 10:38:01 # Dotazování celkové ceny obejednávky s daní
03.10.19 - 10:38:02 # Dotazování celkové ceny obejednávky s daní
03.10.19 - 10:38:03 # Dotazování celkové ceny obejednávky s daní
03.10.19 - 10:38:04 # Dotazování celkové ceny obejednávky s daní
03.10.19 - 10:38:05 # Dotazování celkové ceny obejednávky s daní
03.10.19 - 10:38:06 # Dotazování celkové ceny obejednávky s daní
03.10.19 - 10:38:07 # Dotazování celkové ceny obejednávky s daní
03.10.19 - 10:38:08 # Dotazování celkové ceny obejednávky s daní
03.10.19 - 10:38:09 # Dotazování celkové ceny obejednávky s daní
03.10.19 - 10:38:10 # Dotazování celkové ceny obejednávky s daní
03.10.19 - 10:38:11 # Dotazování celkové ceny obejednávky s daní
03.10.19 - 10:38:12 # Dotazování celkové ceny obejednávky s daní
03.10.19 - 10:38:13 # Dotazování celkové ceny obejednávky s daní
03.10.19 - 10:38:14 # Dotazování celkové ceny obejednávky s daní
03.10.19 - 10:38:15 # Dotazování celkové ceny obejednávky s daní
03.10.19 - 10:38:16 # Dotazování celkové ceny obejednávky s daní
03.10.19 - 10:38:17 # Dotazování celkové ceny obejednávky s daní
03.10.19 - 10:38:18 # Dotazování celkové ceny obejednávky s daní
03.10.19 - 10:38:19 # Dotazování celkové ceny obejednávky s daní
03.10.19 - 10:38:20 # Dotazování celkové ceny obejednávky s daní
03.10.19 - 10:38:21 # Dotazování celkové ceny obejednávky s daní
03.10.19 - 10:38:22 # Dotazování celkové ceny obejednávky s daní
03.10.19 - 10:38:23 # Dotazování celkové ceny obejednávky s daní
03.10.19 - 10:38:24 # Destrukce objektu controler
